<?xml version="1.0" encoding="UTF-8"?>
<coverage generated="1780674307353" clover="3.2.0">
  <project timestamp="1780674307353" name="All files">
    <metrics statements="310" coveredstatements="288" conditionals="189" coveredconditionals="166" methods="114" coveredmethods="96" elements="613" coveredelements="550" complexity="0" loc="310" ncloc="310" packages="6" files="9" classes="9"/>
    <package name="store">
      <metrics statements="8" coveredstatements="3" conditionals="2" coveredconditionals="0" methods="3" coveredmethods="0"/>
      <file name="index.ts" path="/Users/yangtengjiao/Documents/j2ee/JeecgBoot_sass/.worktrees/feature/user-08-feedback-support-frontend/jeecgboot-vue3/src/store/index.ts">
        <metrics statements="8" coveredstatements="3" conditionals="2" coveredconditionals="0" methods="3" coveredmethods="0"/>
        <line num="5" count="1" type="stmt"/>
        <line num="6" count="1" type="stmt"/>
        <line num="9" count="0" type="cond" truecount="0" falsecount="2"/>
        <line num="10" count="0" type="stmt"/>
        <line num="12" count="0" type="stmt"/>
        <line num="13" count="0" type="stmt"/>
        <line num="18" count="0" type="stmt"/>
        <line num="22" count="1" type="stmt"/>
      </file>
    </package>
    <package name="store.modules">
      <metrics statements="23" coveredstatements="22" conditionals="2" coveredconditionals="1" methods="6" coveredmethods="5"/>
      <file name="feedback.ts" path="/Users/yangtengjiao/Documents/j2ee/JeecgBoot_sass/.worktrees/feature/user-08-feedback-support-frontend/jeecgboot-vue3/src/store/modules/feedback.ts">
        <metrics statements="23" coveredstatements="22" conditionals="2" coveredconditionals="1" methods="6" coveredmethods="5"/>
        <line num="8" count="1" type="stmt"/>
        <line num="10" count="18" type="stmt"/>
        <line num="11" count="18" type="stmt"/>
        <line num="12" count="18" type="stmt"/>
        <line num="15" count="18" type="stmt"/>
        <line num="16" count="18" type="stmt"/>
        <line num="17" count="18" type="stmt"/>
        <line num="20" count="18" type="stmt"/>
        <line num="21" count="18" type="stmt"/>
        <line num="22" count="18" type="stmt"/>
        <line num="23" count="18" type="stmt"/>
        <line num="24" count="18" type="stmt"/>
        <line num="28" count="4" type="stmt"/>
        <line num="32" count="7" type="stmt"/>
        <line num="33" count="7" type="cond" truecount="1" falsecount="1"/>
        <line num="34" count="7" type="stmt"/>
        <line num="39" count="1" type="stmt"/>
        <line num="40" count="1" type="stmt"/>
        <line num="41" count="1" type="stmt"/>
        <line num="42" count="1" type="stmt"/>
        <line num="43" count="1" type="stmt"/>
        <line num="46" count="18" type="stmt"/>
        <line num="70" count="0" type="stmt"/>
      </file>
    </package>
    <package name="views.support.appeal">
      <metrics statements="65" coveredstatements="61" conditionals="41" coveredconditionals="38" methods="31" coveredmethods="27"/>
      <file name="create.vue" path="/Users/yangtengjiao/Documents/j2ee/JeecgBoot_sass/.worktrees/feature/user-08-feedback-support-frontend/jeecgboot-vue3/src/views/support/appeal/create.vue">
        <metrics statements="65" coveredstatements="61" conditionals="41" coveredconditionals="38" methods="31" coveredmethods="27"/>
        <line num="3" count="16" type="stmt"/>
        <line num="6" count="16" type="cond" truecount="2" falsecount="0"/>
        <line num="7" count="16" type="cond" truecount="2" falsecount="0"/>
        <line num="8" count="16" type="cond" truecount="2" falsecount="0"/>
        <line num="9" count="16" type="stmt"/>
        <line num="13" count="0" type="cond" truecount="2" falsecount="0"/>
        <line num="14" count="21" type="cond" truecount="2" falsecount="0"/>
        <line num="15" count="16" type="cond" truecount="2" falsecount="0"/>
        <line num="16" count="16" type="cond" truecount="2" falsecount="0"/>
        <line num="17" count="16" type="cond" truecount="2" falsecount="0"/>
        <line num="18" count="21" type="stmt"/>
        <line num="19" count="17" type="stmt"/>
        <line num="22" count="16" type="stmt"/>
        <line num="27" count="0" type="cond" truecount="2" falsecount="0"/>
        <line num="32" count="21" type="stmt"/>
        <line num="37" count="0" type="cond" truecount="2" falsecount="0"/>
        <line num="43" count="16" type="cond" truecount="2" falsecount="0"/>
        <line num="45" count="16" type="stmt"/>
        <line num="46" count="16" type="stmt"/>
        <line num="50" count="1" type="stmt"/>
        <line num="59" count="1" type="stmt"/>
        <line num="61" count="29" type="cond" truecount="2" falsecount="0"/>
        <line num="70" count="29" type="cond" truecount="2" falsecount="0"/>
        <line num="85" count="16" type="stmt"/>
        <line num="86" count="16" type="stmt"/>
        <line num="88" count="16" type="stmt"/>
        <line num="95" count="16" type="stmt"/>
        <line num="96" count="16" type="stmt"/>
        <line num="97" count="16" type="stmt"/>
        <line num="98" count="16" type="stmt"/>
        <line num="100" count="16" type="stmt"/>
        <line num="101" count="2" type="stmt"/>
        <line num="102" count="2" type="cond" truecount="2" falsecount="0"/>
        <line num="103" count="1" type="stmt"/>
        <line num="104" count="1" type="stmt"/>
        <line num="106" count="1" type="stmt"/>
        <line num="109" count="16" type="stmt"/>
        <line num="110" count="2" type="stmt"/>
        <line num="111" count="2" type="stmt"/>
        <line num="112" count="1" type="stmt"/>
        <line num="113" count="1" type="stmt"/>
        <line num="115" count="1" type="stmt"/>
        <line num="119" count="16" type="stmt"/>
        <line num="120" count="6" type="cond" truecount="2" falsecount="0"/>
        <line num="121" count="1" type="stmt"/>
        <line num="122" count="1" type="stmt"/>
        <line num="124" count="5" type="cond" truecount="2" falsecount="0"/>
        <line num="125" count="1" type="stmt"/>
        <line num="126" count="1" type="stmt"/>
        <line num="129" count="4" type="cond" truecount="2" falsecount="0"/>
        <line num="130" count="1" type="stmt"/>
        <line num="131" count="1" type="stmt"/>
        <line num="134" count="1" type="stmt"/>
        <line num="135" count="0" type="stmt"/>
        <line num="138" count="1" type="cond" truecount="1" falsecount="1"/>
        <line num="141" count="4" type="stmt"/>
        <line num="142" count="4" type="stmt"/>
        <line num="143" count="4" type="stmt"/>
        <line num="144" count="3" type="stmt"/>
        <line num="145" count="3" type="stmt"/>
        <line num="147" count="1" type="stmt"/>
        <line num="149" count="4" type="stmt"/>
        <line num="153" count="16" type="stmt"/>
        <line num="154" count="1" type="stmt"/>
        <line num="157" count="16" type="stmt"/>
      </file>
    </package>
    <package name="views.support.customer-service.components">
      <metrics statements="113" coveredstatements="105" conditionals="93" coveredconditionals="79" methods="39" coveredmethods="33"/>
      <file name="ChatMessage.vue" path="/Users/yangtengjiao/Documents/j2ee/JeecgBoot_sass/.worktrees/feature/user-08-feedback-support-frontend/jeecgboot-vue3/src/views/support/customer-service/components/ChatMessage.vue">
        <metrics statements="13" coveredstatements="13" conditionals="22" coveredconditionals="21" methods="4" coveredmethods="4"/>
        <line num="2" count="26" type="stmt"/>
        <line num="6" count="2" type="stmt"/>
        <line num="13" count="5" type="cond" truecount="2" falsecount="0"/>
        <line num="15" count="2" type="stmt"/>
        <line num="25" count="2" type="stmt"/>
        <line num="26" count="2" type="stmt"/>
        <line num="32" count="1" type="cond" truecount="2" falsecount="0"/>
        <line num="37" count="12" type="cond" truecount="2" falsecount="0"/>
        <line num="56" count="19" type="stmt"/>
        <line num="60" count="19" type="stmt"/>
        <line num="61" count="2" type="stmt"/>
        <line num="62" count="2" type="cond" truecount="2" falsecount="0"/>
        <line num="63" count="1" type="stmt"/>
      </file>
      <file name="ChatPanel.vue" path="/Users/yangtengjiao/Documents/j2ee/JeecgBoot_sass/.worktrees/feature/user-08-feedback-support-frontend/jeecgboot-vue3/src/views/support/customer-service/components/ChatPanel.vue">
        <metrics statements="76" coveredstatements="71" conditionals="59" coveredconditionals="47" methods="29" coveredmethods="25"/>
        <line num="2" count="52" type="stmt"/>
        <line num="10" count="1" type="stmt"/>
        <line num="11" count="1" type="stmt"/>
        <line num="15" count="1" type="stmt"/>
        <line num="16" count="18" type="cond" truecount="2" falsecount="0"/>
        <line num="22" count="15" type="stmt"/>
        <line num="26" count="0" type="stmt"/>
        <line num="32" count="99" type="stmt"/>
        <line num="36" count="0" type="stmt"/>
        <line num="38" count="99" type="stmt"/>
        <line num="43" count="1" type="stmt"/>
        <line num="45" count="0" type="cond" truecount="2" falsecount="0"/>
        <line num="50" count="1" type="stmt"/>
        <line num="57" count="16" type="cond" truecount="2" falsecount="0"/>
        <line num="62" count="0" type="cond" truecount="2" falsecount="0"/>
        <line num="65" count="19" type="cond" truecount="2" falsecount="0"/>
        <line num="84" count="18" type="stmt"/>
        <line num="85" count="18" type="stmt"/>
        <line num="86" count="18" type="stmt"/>
        <line num="88" count="18" type="stmt"/>
        <line num="90" count="45" type="cond" truecount="2" falsecount="0"/>
        <line num="92" count="18" type="stmt"/>
        <line num="93" count="45" type="cond" truecount="2" falsecount="0"/>
        <line num="94" count="26" type="cond" truecount="2" falsecount="2"/>
        <line num="100" count="18" type="stmt"/>
        <line num="101" count="33" type="stmt"/>
        <line num="112" count="15" type="cond" truecount="2" falsecount="0"/>
        <line num="113" count="2" type="cond" truecount="4" falsecount="0"/>
        <line num="114" count="1" type="cond" truecount="1" falsecount="1"/>
        <line num="115" count="0" type="stmt"/>
        <line num="119" count="10" type="stmt"/>
        <line num="120" count="10" type="cond" truecount="1" falsecount="1"/>
        <line num="121" count="10" type="stmt"/>
        <line num="127" count="26" type="stmt"/>
        <line num="129" count="18" type="stmt"/>
        <line num="130" count="18" type="stmt"/>
        <line num="131" count="18" type="stmt"/>
        <line num="132" count="18" type="stmt"/>
        <line num="133" count="16" type="cond" truecount="1" falsecount="1"/>
        <line num="134" count="16" type="stmt"/>
        <line num="135" count="16" type="stmt"/>
        <line num="137" count="2" type="cond" truecount="2" falsecount="0"/>
        <line num="141" count="18" type="stmt"/>
        <line num="142" count="1" type="stmt"/>
        <line num="146" count="3" type="stmt"/>
        <line num="147" count="3" type="cond" truecount="3" falsecount="1"/>
        <line num="149" count="3" type="stmt"/>
        <line num="150" count="3" type="stmt"/>
        <line num="159" count="3" type="stmt"/>
        <line num="160" count="3" type="stmt"/>
        <line num="162" count="3" type="stmt"/>
        <line num="163" count="3" type="stmt"/>
        <line num="164" count="2" type="stmt"/>
        <line num="166" count="1" type="stmt"/>
        <line num="171" count="2" type="cond" truecount="2" falsecount="0"/>
        <line num="172" count="1" type="stmt"/>
        <line num="173" count="1" type="stmt"/>
        <line num="178" count="2" type="stmt"/>
        <line num="179" count="2" type="cond" truecount="3" falsecount="1"/>
        <line num="180" count="2" type="stmt"/>
        <line num="181" count="2" type="stmt"/>
        <line num="182" count="1" type="stmt"/>
        <line num="183" count="1" type="stmt"/>
        <line num="188" count="2" type="cond" truecount="1" falsecount="1"/>
        <line num="189" count="2" type="stmt"/>
        <line num="190" count="2" type="stmt"/>
        <line num="191" count="1" type="cond" truecount="1" falsecount="1"/>
        <line num="192" count="1" type="stmt"/>
        <line num="194" count="1" type="stmt"/>
        <line num="195" count="1" type="stmt"/>
        <line num="205" count="1" type="stmt"/>
        <line num="210" count="1" type="stmt"/>
        <line num="214" count="1" type="cond" truecount="1" falsecount="1"/>
        <line num="215" count="1" type="stmt"/>
        <line num="216" count="1" type="stmt"/>
        <line num="221" count="1" type="stmt"/>
      </file>
      <file name="RatingModal.vue" path="/Users/yangtengjiao/Documents/j2ee/JeecgBoot_sass/.worktrees/feature/user-08-feedback-support-frontend/jeecgboot-vue3/src/views/support/customer-service/components/RatingModal.vue">
        <metrics statements="24" coveredstatements="21" conditionals="12" coveredconditionals="11" methods="6" coveredmethods="4"/>
        <line num="2" count="8" type="stmt"/>
        <line num="9" count="1" type="stmt"/>
        <line num="10" count="1" type="stmt"/>
        <line num="12" count="0" type="cond" truecount="2" falsecount="0"/>
        <line num="15" count="1" type="stmt"/>
        <line num="17" count="0" type="cond" truecount="2" falsecount="0"/>
        <line num="25" count="1" type="stmt"/>
        <line num="34" count="14" type="cond" truecount="2" falsecount="0"/>
        <line num="36" count="14" type="stmt"/>
        <line num="45" count="8" type="stmt"/>
        <line num="50" count="8" type="stmt"/>
        <line num="55" count="8" type="stmt"/>
        <line num="56" count="8" type="stmt"/>
        <line num="57" count="8" type="stmt"/>
        <line num="60" count="1" type="stmt"/>
        <line num="64" count="2" type="cond" truecount="1" falsecount="1"/>
        <line num="65" count="2" type="stmt"/>
        <line num="66" count="2" type="stmt"/>
        <line num="67" count="2" type="stmt"/>
        <line num="71" count="2" type="stmt"/>
        <line num="72" count="2" type="stmt"/>
        <line num="73" count="2" type="stmt"/>
        <line num="75" count="0" type="stmt"/>
        <line num="77" count="2" type="stmt"/>
      </file>
    </package>
    <package name="views.support.help.components">
      <metrics statements="31" coveredstatements="30" conditionals="25" coveredconditionals="23" methods="11" coveredmethods="10"/>
      <file name="ArticleFeedback.vue" path="/Users/yangtengjiao/Documents/j2ee/JeecgBoot_sass/.worktrees/feature/user-08-feedback-support-frontend/jeecgboot-vue3/src/views/support/help/components/ArticleFeedback.vue">
        <metrics statements="19" coveredstatements="18" conditionals="19" coveredconditionals="19" methods="7" coveredmethods="6"/>
        <line num="2" count="7" type="stmt"/>
        <line num="4" count="1" type="stmt"/>
        <line num="9" count="3" type="cond" truecount="2" falsecount="0"/>
        <line num="11" count="7" type="cond" truecount="2" falsecount="0"/>
        <line num="18" count="1" type="cond" truecount="2" falsecount="0"/>
        <line num="20" count="7" type="cond" truecount="2" falsecount="0"/>
        <line num="27" count="1" type="cond" truecount="2" falsecount="0"/>
        <line num="38" count="4" type="stmt"/>
        <line num="39" count="4" type="stmt"/>
        <line num="43" count="4" type="stmt"/>
        <line num="44" count="4" type="stmt"/>
        <line num="46" count="4" type="stmt"/>
        <line num="47" count="4" type="cond" truecount="2" falsecount="0"/>
        <line num="48" count="3" type="cond" truecount="2" falsecount="0"/>
        <line num="49" count="4" type="stmt"/>
        <line num="50" count="4" type="stmt"/>
        <line num="54" count="3" type="stmt"/>
        <line num="57" count="4" type="stmt"/>
        <line num="58" count="0" type="stmt"/>
      </file>
      <file name="HelpSearch.vue" path="/Users/yangtengjiao/Documents/j2ee/JeecgBoot_sass/.worktrees/feature/user-08-feedback-support-frontend/jeecgboot-vue3/src/views/support/help/components/HelpSearch.vue">
        <metrics statements="12" coveredstatements="12" conditionals="6" coveredconditionals="4" methods="4" coveredmethods="4"/>
        <line num="2" count="7" type="stmt"/>
        <line num="4" count="4" type="cond" truecount="2" falsecount="0"/>
        <line num="17" count="3" type="stmt"/>
        <line num="21" count="3" type="stmt"/>
        <line num="22" count="3" type="stmt"/>
        <line num="23" count="1" type="cond" truecount="1" falsecount="1"/>
        <line num="24" count="1" type="stmt"/>
        <line num="28" count="3" type="stmt"/>
        <line num="29" count="4" type="stmt"/>
        <line num="32" count="3" type="stmt"/>
        <line num="33" count="2" type="cond" truecount="1" falsecount="1"/>
        <line num="34" count="2" type="stmt"/>
      </file>
    </package>
    <package name="views.support.report.components">
      <metrics statements="70" coveredstatements="67" conditionals="26" coveredconditionals="25" methods="24" coveredmethods="21"/>
      <file name="ReportModal.vue" path="/Users/yangtengjiao/Documents/j2ee/JeecgBoot_sass/.worktrees/feature/user-08-feedback-support-frontend/jeecgboot-vue3/src/views/support/report/components/ReportModal.vue">
        <metrics statements="70" coveredstatements="67" conditionals="26" coveredconditionals="25" methods="24" coveredmethods="21"/>
        <line num="2" count="26" type="stmt"/>
        <line num="11" count="1" type="stmt"/>
        <line num="13" count="1" type="stmt"/>
        <line num="15" count="1" type="stmt"/>
        <line num="21" count="0" type="cond" truecount="2" falsecount="0"/>
        <line num="22" count="115" type="stmt"/>
        <line num="25" count="1" type="stmt"/>
        <line num="26" count="115" type="stmt"/>
        <line num="28" count="23" type="stmt"/>
        <line num="29" count="17" type="stmt"/>
        <line num="34" count="0" type="cond" truecount="2" falsecount="0"/>
        <line num="39" count="21" type="stmt"/>
        <line num="45" count="0" type="cond" truecount="2" falsecount="0"/>
        <line num="52" count="17" type="cond" truecount="2" falsecount="0"/>
        <line num="54" count="19" type="stmt"/>
        <line num="56" count="19" type="cond" truecount="2" falsecount="0"/>
        <line num="58" count="19" type="stmt"/>
        <line num="61" count="31" type="stmt"/>
        <line num="64" count="31" type="cond" truecount="2" falsecount="0"/>
        <line num="73" count="30" type="cond" truecount="2" falsecount="0"/>
        <line num="85" count="17" type="stmt"/>
        <line num="92" count="17" type="stmt"/>
        <line num="97" count="17" type="stmt"/>
        <line num="105" count="17" type="stmt"/>
        <line num="113" count="17" type="stmt"/>
        <line num="114" count="17" type="stmt"/>
        <line num="115" count="17" type="stmt"/>
        <line num="117" count="17" type="stmt"/>
        <line num="118" count="18" type="stmt"/>
        <line num="120" count="1" type="cond" truecount="1" falsecount="1"/>
        <line num="121" count="1" type="stmt"/>
        <line num="122" count="1" type="stmt"/>
        <line num="123" count="1" type="stmt"/>
        <line num="124" count="1" type="stmt"/>
        <line num="125" count="1" type="stmt"/>
        <line num="126" count="1" type="stmt"/>
        <line num="131" count="17" type="stmt"/>
        <line num="135" count="17" type="stmt"/>
        <line num="136" count="3" type="stmt"/>
        <line num="137" count="3" type="cond" truecount="2" falsecount="0"/>
        <line num="138" count="1" type="stmt"/>
        <line num="139" count="1" type="stmt"/>
        <line num="141" count="2" type="cond" truecount="2" falsecount="0"/>
        <line num="142" count="1" type="stmt"/>
        <line num="143" count="1" type="stmt"/>
        <line num="145" count="1" type="stmt"/>
        <line num="148" count="17" type="stmt"/>
        <line num="149" count="2" type="stmt"/>
        <line num="150" count="2" type="stmt"/>
        <line num="151" count="2" type="stmt"/>
        <line num="152" count="1" type="stmt"/>
        <line num="153" count="1" type="stmt"/>
        <line num="155" count="1" type="stmt"/>
        <line num="157" count="2" type="stmt"/>
        <line num="161" count="17" type="stmt"/>
        <line num="162" count="5" type="cond" truecount="2" falsecount="0"/>
        <line num="163" count="1" type="stmt"/>
        <line num="164" count="1" type="stmt"/>
        <line num="166" count="4" type="stmt"/>
        <line num="167" count="4" type="stmt"/>
        <line num="168" count="4" type="stmt"/>
        <line num="169" count="2" type="stmt"/>
        <line num="170" count="2" type="stmt"/>
        <line num="171" count="2" type="stmt"/>
        <line num="173" count="2" type="cond" truecount="2" falsecount="0"/>
        <line num="174" count="1" type="stmt"/>
        <line num="176" count="1" type="stmt"/>
        <line num="179" count="4" type="stmt"/>
        <line num="183" count="17" type="stmt"/>
        <line num="184" count="3" type="stmt"/>
      </file>
    </package>
  </project>
</coverage>
