{"/Users/yangtengjiao/Documents/j2ee/JeecgBoot_sass/.worktrees/feature/user-08-feedback-support-frontend/jeecgboot-vue3/src/store/index.ts": {"path":"/Users/yangtengjiao/Documents/j2ee/JeecgBoot_sass/.worktrees/feature/user-08-feedback-support-frontend/jeecgboot-vue3/src/store/index.ts","statementMap":{"0":{"start":{"line":5,"column":34},"end":{"line":5,"column":null}},"1":{"start":{"line":6,"column":29},"end":{"line":6,"column":null}},"2":{"start":{"line":9,"column":2},"end":{"line":11,"column":null}},"3":{"start":{"line":10,"column":4},"end":{"line":10,"column":null}},"4":{"start":{"line":12,"column":2},"end":{"line":12,"column":null}},"5":{"start":{"line":13,"column":2},"end":{"line":13,"column":null}},"6":{"start":{"line":18,"column":2},"end":{"line":18,"column":null}},"7":{"start":{"line":22,"column":29},"end":{"line":22,"column":null}},"8":{"start":{"line":22,"column":35},"end":{"line":22,"column":null}}},"fnMap":{"0":{"name":"setupStore","decl":{"start":{"line":8,"column":16},"end":{"line":8,"column":27}},"loc":{"start":{"line":8,"column":47},"end":{"line":14,"column":null}},"line":8},"1":{"name":"destroyStore","decl":{"start":{"line":17,"column":16},"end":{"line":17,"column":31}},"loc":{"start":{"line":17,"column":31},"end":{"line":19,"column":null}},"line":17},"2":{"name":"(anonymous_2)","decl":{"start":{"line":22,"column":29},"end":{"line":22,"column":35}},"loc":{"start":{"line":22,"column":35},"end":{"line":22,"column":null}},"line":22}},"branchMap":{"0":{"loc":{"start":{"line":9,"column":2},"end":{"line":11,"column":null}},"type":"if","locations":[{"start":{"line":9,"column":2},"end":{"line":11,"column":null}},{"start":{},"end":{}}],"line":9}},"s":{"0":1,"1":1,"2":0,"3":0,"4":0,"5":0,"6":0,"7":1,"8":0},"f":{"0":0,"1":0,"2":0},"b":{"0":[0,0]},"meta":{"lastBranch":1,"lastFunction":3,"lastStatement":9,"seen":{"s:5:34:5:Infinity":0,"s:6:29:6:Infinity":1,"f:8:16:8:27":0,"b:9:2:11:Infinity:undefined:undefined:undefined:undefined":0,"s:9:2:11:Infinity":2,"s:10:4:10:Infinity":3,"s:12:2:12:Infinity":4,"s:13:2:13:Infinity":5,"f:17:16:17:31":1,"s:18:2:18:Infinity":6,"s:22:29:22:Infinity":7,"f:22:29:22:35":2,"s:22:35:22:Infinity":8}}}
,"/Users/yangtengjiao/Documents/j2ee/JeecgBoot_sass/.worktrees/feature/user-08-feedback-support-frontend/jeecgboot-vue3/src/store/modules/feedback.ts": {"path":"/Users/yangtengjiao/Documents/j2ee/JeecgBoot_sass/.worktrees/feature/user-08-feedback-support-frontend/jeecgboot-vue3/src/store/modules/feedback.ts","statementMap":{"0":{"start":{"line":8,"column":13},"end":{"line":66,"column":null}},"1":{"start":{"line":10,"column":8},"end":{"line":10,"column":null}},"2":{"start":{"line":11,"column":8},"end":{"line":11,"column":null}},"3":{"start":{"line":12,"column":8},"end":{"line":12,"column":null}},"4":{"start":{"line":15,"column":8},"end":{"line":15,"column":null}},"5":{"start":{"line":16,"column":8},"end":{"line":16,"column":null}},"6":{"start":{"line":17,"column":8},"end":{"line":17,"column":null}},"7":{"start":{"line":20,"column":8},"end":{"line":20,"column":null}},"8":{"start":{"line":21,"column":8},"end":{"line":21,"column":null}},"9":{"start":{"line":22,"column":8},"end":{"line":22,"column":null}},"10":{"start":{"line":23,"column":8},"end":{"line":23,"column":null}},"11":{"start":{"line":24,"column":8},"end":{"line":24,"column":null}},"12":{"start":{"line":28,"column":4},"end":{"line":28,"column":null}},"13":{"start":{"line":32,"column":16},"end":{"line":32,"column":null}},"14":{"start":{"line":32,"column":47},"end":{"line":32,"column":58}},"15":{"start":{"line":33,"column":4},"end":{"line":35,"column":null}},"16":{"start":{"line":34,"column":6},"end":{"line":34,"column":null}},"17":{"start":{"line":39,"column":4},"end":{"line":39,"column":null}},"18":{"start":{"line":40,"column":4},"end":{"line":40,"column":null}},"19":{"start":{"line":41,"column":4},"end":{"line":41,"column":null}},"20":{"start":{"line":42,"column":4},"end":{"line":42,"column":null}},"21":{"start":{"line":43,"column":4},"end":{"line":43,"column":null}},"22":{"start":{"line":46,"column":2},"end":{"line":65,"column":null}},"23":{"start":{"line":70,"column":2},"end":{"line":70,"column":null}}},"fnMap":{"0":{"name":"(anonymous_0)","decl":{"start":{"line":8,"column":56},"end":{"line":8,"column":62}},"loc":{"start":{"line":8,"column":62},"end":{"line":66,"column":1}},"line":8},"1":{"name":"addMessage","decl":{"start":{"line":27,"column":11},"end":{"line":27,"column":22}},"loc":{"start":{"line":27,"column":40},"end":{"line":29,"column":null}},"line":27},"2":{"name":"updateMessageStatus","decl":{"start":{"line":31,"column":11},"end":{"line":31,"column":31}},"loc":{"start":{"line":31,"column":59},"end":{"line":36,"column":null}},"line":31},"3":{"name":"(anonymous_3)","decl":{"start":{"line":32,"column":40},"end":{"line":32,"column":41}},"loc":{"start":{"line":32,"column":47},"end":{"line":32,"column":58}},"line":32},"4":{"name":"clearSession","decl":{"start":{"line":38,"column":11},"end":{"line":38,"column":26}},"loc":{"start":{"line":38,"column":26},"end":{"line":44,"column":null}},"line":38},"5":{"name":"useFeedbackStoreWithOut","decl":{"start":{"line":69,"column":16},"end":{"line":69,"column":42}},"loc":{"start":{"line":69,"column":42},"end":{"line":71,"column":null}},"line":69}},"branchMap":{"0":{"loc":{"start":{"line":33,"column":4},"end":{"line":35,"column":null}},"type":"if","locations":[{"start":{"line":33,"column":4},"end":{"line":35,"column":null}},{"start":{},"end":{}}],"line":33}},"s":{"0":1,"1":18,"2":18,"3":18,"4":18,"5":18,"6":18,"7":18,"8":18,"9":18,"10":18,"11":18,"12":4,"13":7,"14":7,"15":7,"16":7,"17":1,"18":1,"19":1,"20":1,"21":1,"22":18,"23":0},"f":{"0":18,"1":4,"2":7,"3":7,"4":1,"5":0},"b":{"0":[7,0]},"meta":{"lastBranch":1,"lastFunction":6,"lastStatement":24,"seen":{"s:8:13:66:Infinity":0,"f:8:56:8:62":0,"s:10:8:10:Infinity":1,"s:11:8:11:Infinity":2,"s:12:8:12:Infinity":3,"s:15:8:15:Infinity":4,"s:16:8:16:Infinity":5,"s:17:8:17:Infinity":6,"s:20:8:20:Infinity":7,"s:21:8:21:Infinity":8,"s:22:8:22:Infinity":9,"s:23:8:23:Infinity":10,"s:24:8:24:Infinity":11,"f:27:11:27:22":1,"s:28:4:28:Infinity":12,"f:31:11:31:31":2,"s:32:16:32:Infinity":13,"f:32:40:32:41":3,"s:32:47:32:58":14,"b:33:4:35:Infinity:undefined:undefined:undefined:undefined":0,"s:33:4:35:Infinity":15,"s:34:6:34:Infinity":16,"f:38:11:38:26":4,"s:39:4:39:Infinity":17,"s:40:4:40:Infinity":18,"s:41:4:41:Infinity":19,"s:42:4:42:Infinity":20,"s:43:4:43:Infinity":21,"s:46:2:65:Infinity":22,"f:69:16:69:42":5,"s:70:2:70:Infinity":23}}}
,"/Users/yangtengjiao/Documents/j2ee/JeecgBoot_sass/.worktrees/feature/user-08-feedback-support-frontend/jeecgboot-vue3/src/views/support/appeal/create.vue": {"path":"/Users/yangtengjiao/Documents/j2ee/JeecgBoot_sass/.worktrees/feature/user-08-feedback-support-frontend/jeecgboot-vue3/src/views/support/appeal/create.vue","statementMap":{"0":{"start":{"line":85,"column":6},"end":{"line":85,"column":null}},"1":{"start":{"line":86,"column":6},"end":{"line":86,"column":null}},"2":{"start":{"line":88,"column":6},"end":{"line":93,"column":null}},"3":{"start":{"line":95,"column":6},"end":{"line":95,"column":null}},"4":{"start":{"line":96,"column":6},"end":{"line":96,"column":null}},"5":{"start":{"line":97,"column":6},"end":{"line":97,"column":null}},"6":{"start":{"line":98,"column":6},"end":{"line":98,"column":null}},"7":{"start":{"line":100,"column":21},"end":{"line":107,"column":null}},"8":{"start":{"line":101,"column":18},"end":{"line":101,"column":null}},"9":{"start":{"line":102,"column":2},"end":{"line":105,"column":null}},"10":{"start":{"line":103,"column":4},"end":{"line":103,"column":null}},"11":{"start":{"line":104,"column":4},"end":{"line":104,"column":null}},"12":{"start":{"line":106,"column":2},"end":{"line":106,"column":null}},"13":{"start":{"line":109,"column":21},"end":{"line":117,"column":null}},"14":{"start":{"line":110,"column":2},"end":{"line":116,"column":null}},"15":{"start":{"line":111,"column":16},"end":{"line":111,"column":null}},"16":{"start":{"line":112,"column":4},"end":{"line":112,"column":null}},"17":{"start":{"line":113,"column":4},"end":{"line":113,"column":null}},"18":{"start":{"line":115,"column":4},"end":{"line":115,"column":null}},"19":{"start":{"line":119,"column":21},"end":{"line":151,"column":null}},"20":{"start":{"line":120,"column":2},"end":{"line":123,"column":null}},"21":{"start":{"line":121,"column":4},"end":{"line":121,"column":null}},"22":{"start":{"line":122,"column":4},"end":{"line":122,"column":null}},"23":{"start":{"line":124,"column":2},"end":{"line":127,"column":null}},"24":{"start":{"line":125,"column":4},"end":{"line":125,"column":null}},"25":{"start":{"line":126,"column":4},"end":{"line":126,"column":null}},"26":{"start":{"line":129,"column":2},"end":{"line":139,"column":null}},"27":{"start":{"line":130,"column":22},"end":{"line":137,"column":null}},"28":{"start":{"line":131,"column":6},"end":{"line":136,"column":null}},"29":{"start":{"line":134,"column":20},"end":{"line":134,"column":null}},"30":{"start":{"line":135,"column":24},"end":{"line":135,"column":null}},"31":{"start":{"line":138,"column":4},"end":{"line":138,"column":null}},"32":{"start":{"line":138,"column":20},"end":{"line":138,"column":null}},"33":{"start":{"line":141,"column":2},"end":{"line":141,"column":null}},"34":{"start":{"line":142,"column":2},"end":{"line":150,"column":null}},"35":{"start":{"line":143,"column":4},"end":{"line":143,"column":null}},"36":{"start":{"line":144,"column":4},"end":{"line":144,"column":null}},"37":{"start":{"line":145,"column":4},"end":{"line":145,"column":null}},"38":{"start":{"line":147,"column":4},"end":{"line":147,"column":null}},"39":{"start":{"line":149,"column":4},"end":{"line":149,"column":null}},"40":{"start":{"line":153,"column":21},"end":{"line":155,"column":null}},"41":{"start":{"line":154,"column":2},"end":{"line":154,"column":null}},"42":{"start":{"line":157,"column":0},"end":{"line":159,"column":null}},"43":{"start":{"line":3,"column":7},"end":{"line":3,"column":null}},"44":{"start":{"line":50,"column":13},"end":{"line":50,"column":null}},"45":{"start":{"line":59,"column":11},"end":{"line":59,"column":null}},"46":{"start":{"line":3,"column":2},"end":{"line":70,"column":21}},"47":{"start":{"line":9,"column":21},"end":{"line":70,"column":21}},"48":{"start":{"line":6,"column":51},"end":{"line":8,"column":51}},"49":{"start":{"line":6,"column":31},"end":{"line":6,"column":51}},"50":{"start":{"line":7,"column":31},"end":{"line":7,"column":51}},"51":{"start":{"line":8,"column":31},"end":{"line":8,"column":51}},"52":{"start":{"line":19,"column":22},"end":{"line":54,"column":null}},"53":{"start":{"line":18,"column":21},"end":{"line":17,"column":72}},"54":{"start":{"line":13,"column":35},"end":{"line":13,"column":56}},"55":{"start":{"line":14,"column":74},"end":{"line":17,"column":72}},"56":{"start":{"line":14,"column":56},"end":{"line":14,"column":74}},"57":{"start":{"line":15,"column":53},"end":{"line":15,"column":71}},"58":{"start":{"line":16,"column":55},"end":{"line":16,"column":73}},"59":{"start":{"line":17,"column":54},"end":{"line":17,"column":72}},"60":{"start":{"line":22,"column":54},"end":{"line":22,"column":54}},"61":{"start":{"line":32,"column":12},"end":{"line":31,"column":null}},"62":{"start":{"line":27,"column":27},"end":{"line":27,"column":null}},"63":{"start":{"line":46,"column":21},"end":{"line":45,"column":23}},"64":{"start":{"line":37,"column":31},"end":{"line":37,"column":null}},"65":{"start":{"line":45,"column":23},"end":{"line":45,"column":23}},"66":{"start":{"line":43,"column":33},"end":{"line":45,"column":23}},"67":{"start":{"line":61,"column":55},"end":{"line":70,"column":21}},"68":{"start":{"line":61,"column":44},"end":{"line":61,"column":55}},"69":{"start":{"line":70,"column":10},"end":{"line":70,"column":21}}},"fnMap":{"0":{"name":"(anonymous_0)","decl":{"start":{"line":100,"column":21},"end":{"line":100,"column":22}},"loc":{"start":{"line":100,"column":37},"end":{"line":107,"column":null}},"line":100},"1":{"name":"(anonymous_1)","decl":{"start":{"line":109,"column":21},"end":{"line":109,"column":28}},"loc":{"start":{"line":109,"column":45},"end":{"line":117,"column":null}},"line":109},"2":{"name":"(anonymous_2)","decl":{"start":{"line":119,"column":21},"end":{"line":119,"column":33}},"loc":{"start":{"line":119,"column":33},"end":{"line":151,"column":null}},"line":119},"3":{"name":"(anonymous_3)","decl":{"start":{"line":130,"column":49},"end":{"line":130,"column":50}},"loc":{"start":{"line":130,"column":62},"end":{"line":137,"column":5}},"line":130},"4":{"name":"(anonymous_4)","decl":{"start":{"line":134,"column":14},"end":{"line":134,"column":20}},"loc":{"start":{"line":134,"column":20},"end":{"line":134,"column":null}},"line":134},"5":{"name":"(anonymous_5)","decl":{"start":{"line":135,"column":18},"end":{"line":135,"column":24}},"loc":{"start":{"line":135,"column":24},"end":{"line":135,"column":null}},"line":135},"6":{"name":"(anonymous_6)","decl":{"start":{"line":153,"column":21},"end":{"line":153,"column":27}},"loc":{"start":{"line":153,"column":27},"end":{"line":155,"column":null}},"line":153},"7":{"name":"(anonymous_7)","decl":{"start":{"line":157,"column":10},"end":{"line":157,"column":16}},"loc":{"start":{"line":157,"column":16},"end":{"line":159,"column":1}},"line":157},"8":{"name":"(anonymous_8)","decl":{"start":{"line":5,"column":6},"end":{"line":5,"column":null}},"loc":{"start":{"line":9,"column":21},"end":{"line":70,"column":21}},"line":9},"9":{"name":"(anonymous_9)","decl":{"start":{"line":6,"column":8},"end":{"line":6,"column":27}},"loc":{"start":{"line":6,"column":51},"end":{"line":8,"column":51}},"line":6},"10":{"name":"(anonymous_10)","decl":{"start":{"line":6,"column":27},"end":{"line":6,"column":31}},"loc":{"start":{"line":6,"column":31},"end":{"line":6,"column":51}},"line":6},"11":{"name":"(anonymous_11)","decl":{"start":{"line":7,"column":27},"end":{"line":7,"column":31}},"loc":{"start":{"line":7,"column":31},"end":{"line":7,"column":51}},"line":7},"12":{"name":"(anonymous_12)","decl":{"start":{"line":8,"column":27},"end":{"line":8,"column":31}},"loc":{"start":{"line":8,"column":31},"end":{"line":8,"column":51}},"line":8},"13":{"name":"(anonymous_13)","decl":{"start":{"line":12,"column":8},"end":{"line":12,"column":21}},"loc":{"start":{"line":19,"column":22},"end":{"line":54,"column":null}},"line":19},"14":{"name":"(anonymous_14)","decl":{"start":{"line":13,"column":10},"end":{"line":13,"column":28}},"loc":{"start":{"line":18,"column":21},"end":{"line":17,"column":72}},"line":18},"15":{"name":"(anonymous_15)","decl":{"start":{"line":13,"column":44},"end":{"line":13,"column":54}},"loc":{"start":{"line":13,"column":35},"end":{"line":13,"column":56}},"line":13},"16":{"name":"(anonymous_16)","decl":{"start":{"line":14,"column":12},"end":{"line":14,"column":29}},"loc":{"start":{"line":14,"column":74},"end":{"line":17,"column":72}},"line":14},"17":{"name":"(anonymous_17)","decl":{"start":{"line":14,"column":52},"end":{"line":14,"column":56}},"loc":{"start":{"line":14,"column":56},"end":{"line":14,"column":74}},"line":14},"18":{"name":"(anonymous_18)","decl":{"start":{"line":15,"column":49},"end":{"line":15,"column":53}},"loc":{"start":{"line":15,"column":53},"end":{"line":15,"column":71}},"line":15},"19":{"name":"(anonymous_19)","decl":{"start":{"line":16,"column":51},"end":{"line":16,"column":55}},"loc":{"start":{"line":16,"column":55},"end":{"line":16,"column":73}},"line":16},"20":{"name":"(anonymous_20)","decl":{"start":{"line":17,"column":50},"end":{"line":17,"column":54}},"loc":{"start":{"line":17,"column":54},"end":{"line":17,"column":72}},"line":17},"21":{"name":"(anonymous_21)","decl":{"start":{"line":22,"column":10},"end":{"line":22,"column":20}},"loc":{"start":{"line":22,"column":54},"end":{"line":22,"column":54}},"line":22},"22":{"name":"(anonymous_22)","decl":{"start":{"line":26,"column":10},"end":{"line":26,"column":null}},"loc":{"start":{"line":32,"column":12},"end":{"line":31,"column":null}},"line":32},"23":{"name":"(anonymous_23)","decl":{"start":{"line":27,"column":36},"end":{"line":27,"column":42}},"loc":{"start":{"line":27,"column":27},"end":{"line":27,"column":null}},"line":27},"24":{"name":"(anonymous_24)","decl":{"start":{"line":36,"column":10},"end":{"line":36,"column":null}},"loc":{"start":{"line":46,"column":21},"end":{"line":45,"column":23}},"line":46},"25":{"name":"(anonymous_25)","decl":{"start":{"line":37,"column":31},"end":{"line":37,"column":39}},"loc":{"start":{"line":37,"column":31},"end":{"line":37,"column":null}},"line":37},"26":{"name":"(anonymous_26)","decl":{"start":{"line":42,"column":12},"end":{"line":42,"column":null}},"loc":{"start":{"line":45,"column":23},"end":{"line":45,"column":23}},"line":45},"27":{"name":"(anonymous_27)","decl":{"start":{"line":43,"column":14},"end":{"line":43,"column":33}},"loc":{"start":{"line":43,"column":33},"end":{"line":45,"column":23}},"line":43},"28":{"name":"(anonymous_28)","decl":{"start":{"line":61,"column":10},"end":{"line":61,"column":21}},"loc":{"start":{"line":61,"column":55},"end":{"line":70,"column":21}},"line":61},"29":{"name":"(anonymous_29)","decl":{"start":{"line":61,"column":42},"end":{"line":61,"column":44}},"loc":{"start":{"line":61,"column":44},"end":{"line":61,"column":55}},"line":61},"30":{"name":"(anonymous_30)","decl":{"start":{"line":68,"column":11},"end":{"line":68,"column":null}},"loc":{"start":{"line":70,"column":10},"end":{"line":70,"column":21}},"line":70}},"branchMap":{"0":{"loc":{"start":{"line":90,"column":14},"end":{"line":90,"column":null}},"type":"binary-expr","locations":[{"start":{"line":90,"column":14},"end":{"line":90,"column":38}},{"start":{"line":90,"column":38},"end":{"line":90,"column":66}},{"start":{"line":90,"column":66},"end":{"line":90,"column":null}}],"line":90},"1":{"loc":{"start":{"line":102,"column":2},"end":{"line":105,"column":null}},"type":"if","locations":[{"start":{"line":102,"column":2},"end":{"line":105,"column":null}},{"start":{},"end":{}}],"line":102},"2":{"loc":{"start":{"line":120,"column":2},"end":{"line":123,"column":null}},"type":"if","locations":[{"start":{"line":120,"column":2},"end":{"line":123,"column":null}},{"start":{},"end":{}}],"line":120},"3":{"loc":{"start":{"line":124,"column":2},"end":{"line":127,"column":null}},"type":"if","locations":[{"start":{"line":124,"column":2},"end":{"line":127,"column":null}},{"start":{},"end":{}}],"line":124},"4":{"loc":{"start":{"line":129,"column":2},"end":{"line":139,"column":null}},"type":"if","locations":[{"start":{"line":129,"column":2},"end":{"line":139,"column":null}},{"start":{},"end":{}}],"line":129},"5":{"loc":{"start":{"line":138,"column":4},"end":{"line":138,"column":null}},"type":"if","locations":[{"start":{"line":138,"column":4},"end":{"line":138,"column":null}},{"start":{},"end":{}}],"line":138},"6":{"loc":{"start":{"line":6,"column":31},"end":{"line":6,"column":51}},"type":"binary-expr","locations":[{"start":{"line":6,"column":31},"end":{"line":6,"column":51}},{"start":{"line":6,"column":31},"end":{"line":6,"column":51}}],"line":6},"7":{"loc":{"start":{"line":7,"column":31},"end":{"line":7,"column":51}},"type":"binary-expr","locations":[{"start":{"line":7,"column":31},"end":{"line":7,"column":51}},{"start":{"line":7,"column":31},"end":{"line":7,"column":51}}],"line":7},"8":{"loc":{"start":{"line":8,"column":31},"end":{"line":8,"column":51}},"type":"binary-expr","locations":[{"start":{"line":8,"column":31},"end":{"line":8,"column":51}},{"start":{"line":8,"column":31},"end":{"line":8,"column":51}}],"line":8},"9":{"loc":{"start":{"line":13,"column":44},"end":{"line":13,"column":56}},"type":"binary-expr","locations":[{"start":{"line":13,"column":44},"end":{"line":13,"column":54}},{"start":{"line":13,"column":44},"end":{"line":13,"column":56}}],"line":13},"10":{"loc":{"start":{"line":14,"column":56},"end":{"line":14,"column":74}},"type":"binary-expr","locations":[{"start":{"line":14,"column":56},"end":{"line":14,"column":74}},{"start":{"line":14,"column":56},"end":{"line":14,"column":74}}],"line":14},"11":{"loc":{"start":{"line":15,"column":53},"end":{"line":15,"column":71}},"type":"binary-expr","locations":[{"start":{"line":15,"column":53},"end":{"line":15,"column":71}},{"start":{"line":15,"column":53},"end":{"line":15,"column":71}}],"line":15},"12":{"loc":{"start":{"line":16,"column":55},"end":{"line":16,"column":73}},"type":"binary-expr","locations":[{"start":{"line":16,"column":55},"end":{"line":16,"column":73}},{"start":{"line":16,"column":55},"end":{"line":16,"column":73}}],"line":16},"13":{"loc":{"start":{"line":17,"column":54},"end":{"line":17,"column":72}},"type":"binary-expr","locations":[{"start":{"line":17,"column":54},"end":{"line":17,"column":72}},{"start":{"line":17,"column":54},"end":{"line":17,"column":72}}],"line":17},"14":{"loc":{"start":{"line":27,"column":36},"end":{"line":27,"column":null}},"type":"binary-expr","locations":[{"start":{"line":27,"column":36},"end":{"line":27,"column":42}},{"start":{"line":27,"column":36},"end":{"line":27,"column":null}}],"line":27},"15":{"loc":{"start":{"line":37,"column":31},"end":{"line":37,"column":null}},"type":"binary-expr","locations":[{"start":{"line":37,"column":31},"end":{"line":37,"column":39}},{"start":{"line":37,"column":31},"end":{"line":37,"column":null}}],"line":37},"16":{"loc":{"start":{"line":43,"column":33},"end":{"line":45,"column":23}},"type":"binary-expr","locations":[{"start":{"line":43,"column":33},"end":{"line":43,"column":null}},{"start":{"line":43,"column":33},"end":{"line":45,"column":23}}],"line":43},"17":{"loc":{"start":{"line":53,"column":19},"end":{"line":53,"column":null}},"type":"cond-expr","locations":[{"start":{"line":53,"column":30},"end":{"line":53,"column":null}},{"start":{"line":53,"column":30},"end":{"line":53,"column":null}}],"line":53},"18":{"loc":{"start":{"line":61,"column":44},"end":{"line":61,"column":55}},"type":"binary-expr","locations":[{"start":{"line":61,"column":44},"end":{"line":61,"column":55}},{"start":{"line":61,"column":44},"end":{"line":61,"column":55}}],"line":61},"19":{"loc":{"start":{"line":70,"column":10},"end":{"line":70,"column":21}},"type":"binary-expr","locations":[{"start":{"line":70,"column":10},"end":{"line":70,"column":21}},{"start":{"line":70,"column":10},"end":{"line":70,"column":21}}],"line":70}},"s":{"0":16,"1":16,"2":16,"3":16,"4":16,"5":16,"6":16,"7":16,"8":2,"9":2,"10":1,"11":1,"12":1,"13":16,"14":2,"15":2,"16":1,"17":1,"18":1,"19":16,"20":6,"21":1,"22":1,"23":5,"24":1,"25":1,"26":4,"27":1,"28":1,"29":1,"30":0,"31":1,"32":0,"33":4,"34":4,"35":4,"36":3,"37":3,"38":1,"39":4,"40":16,"41":1,"42":16,"43":1,"44":1,"45":1,"46":16,"47":16,"48":16,"49":16,"50":16,"51":16,"52":17,"53":21,"54":0,"55":21,"56":16,"57":16,"58":16,"59":16,"60":16,"61":21,"62":0,"63":16,"64":0,"65":16,"66":16,"67":29,"68":16,"69":29},"f":{"0":2,"1":2,"2":6,"3":1,"4":1,"5":0,"6":1,"7":16,"8":16,"9":16,"10":16,"11":16,"12":16,"13":17,"14":21,"15":0,"16":21,"17":16,"18":16,"19":16,"20":16,"21":16,"22":21,"23":0,"24":16,"25":0,"26":16,"27":16,"28":29,"29":16,"30":29},"b":{"0":[16,0,0],"1":[1,1],"2":[1,5],"3":[1,4],"4":[1,3],"5":[0,1],"6":[16,16],"7":[16,16],"8":[16,16],"9":[21,16],"10":[16,16],"11":[16,16],"12":[16,16],"13":[16,16],"14":[21,16],"15":[16,16],"16":[16,16],"17":[1,16],"18":[16,16],"19":[29,16]},"meta":{"lastBranch":0,"lastFunction":0,"lastStatement":0,"seen":{}}}
,"/Users/yangtengjiao/Documents/j2ee/JeecgBoot_sass/.worktrees/feature/user-08-feedback-support-frontend/jeecgboot-vue3/src/views/support/customer-service/components/ChatMessage.vue": {"path":"/Users/yangtengjiao/Documents/j2ee/JeecgBoot_sass/.worktrees/feature/user-08-feedback-support-frontend/jeecgboot-vue3/src/views/support/customer-service/components/ChatMessage.vue","statementMap":{"0":{"start":{"line":56,"column":14},"end":{"line":56,"column":null}},"1":{"start":{"line":60,"column":6},"end":{"line":64,"column":null}},"2":{"start":{"line":61,"column":14},"end":{"line":61,"column":null}},"3":{"start":{"line":62,"column":2},"end":{"line":62,"column":null}},"4":{"start":{"line":62,"column":33},"end":{"line":62,"column":null}},"5":{"start":{"line":63,"column":2},"end":{"line":63,"column":null}},"6":{"start":{"line":6,"column":12},"end":{"line":6,"column":35}},"7":{"start":{"line":15,"column":11},"end":{"line":15,"column":null}},"8":{"start":{"line":25,"column":13},"end":{"line":25,"column":null}},"9":{"start":{"line":26,"column":16},"end":{"line":26,"column":37}},"10":{"start":{"line":2,"column":2},"end":{"line":37,"column":64}},"11":{"start":{"line":13,"column":54},"end":{"line":13,"column":65}},"12":{"start":{"line":32,"column":41},"end":{"line":32,"column":57}},"13":{"start":{"line":37,"column":53},"end":{"line":37,"column":64}}},"fnMap":{"0":{"name":"(anonymous_0)","decl":{"start":{"line":60,"column":26},"end":{"line":60,"column":32}},"loc":{"start":{"line":60,"column":32},"end":{"line":64,"column":1}},"line":60},"1":{"name":"(anonymous_1)","decl":{"start":{"line":13,"column":52},"end":{"line":13,"column":54}},"loc":{"start":{"line":13,"column":54},"end":{"line":13,"column":65}},"line":13},"2":{"name":"(anonymous_2)","decl":{"start":{"line":32,"column":39},"end":{"line":32,"column":41}},"loc":{"start":{"line":32,"column":41},"end":{"line":32,"column":57}},"line":32},"3":{"name":"(anonymous_3)","decl":{"start":{"line":37,"column":52},"end":{"line":37,"column":53}},"loc":{"start":{"line":37,"column":53},"end":{"line":37,"column":64}},"line":37}},"branchMap":{"0":{"loc":{"start":{"line":62,"column":2},"end":{"line":62,"column":null}},"type":"if","locations":[{"start":{"line":62,"column":2},"end":{"line":62,"column":null}},{"start":{},"end":{}}],"line":62},"1":{"loc":{"start":{"line":4,"column":15},"end":{"line":37,"column":64}},"type":"cond-expr","locations":[{"start":{"line":4,"column":27},"end":{"line":7,"column":null}},{"start":{"line":7,"column":19},"end":{"line":37,"column":64}}],"line":4},"2":{"loc":{"start":{"line":12,"column":17},"end":{"line":13,"column":65}},"type":"cond-expr","locations":[{"start":{"line":12,"column":29},"end":{"line":13,"column":65}}],"line":12},"3":{"loc":{"start":{"line":13,"column":54},"end":{"line":13,"column":65}},"type":"binary-expr","locations":[{"start":{"line":13,"column":54},"end":{"line":13,"column":65}},{"start":{"line":13,"column":54},"end":{"line":13,"column":65}}],"line":13},"4":{"loc":{"start":{"line":17,"column":21},"end":{"line":22,"column":73}},"type":"cond-expr","locations":[{"start":{"line":17,"column":33},"end":{"line":17,"column":94}},{"start":{"line":18,"column":26},"end":{"line":22,"column":73}}],"line":17},"5":{"loc":{"start":{"line":18,"column":26},"end":{"line":22,"column":73}},"type":"cond-expr","locations":[{"start":{"line":18,"column":38},"end":{"line":21,"column":34}},{"start":{"line":21,"column":26},"end":{"line":22,"column":73}}],"line":18},"6":{"loc":{"start":{"line":21,"column":26},"end":{"line":22,"column":73}},"type":"cond-expr","locations":[{"start":{"line":21,"column":38},"end":{"line":22,"column":73}},{"start":{"line":22,"column":66},"end":{"line":22,"column":73}}],"line":21},"7":{"loc":{"start":{"line":27,"column":22},"end":{"line":28,"column":37}},"type":"cond-expr","locations":[{"start":{"line":27,"column":36},"end":{"line":28,"column":37}},{"start":{"line":28,"column":34},"end":{"line":28,"column":37}}],"line":27},"8":{"loc":{"start":{"line":30,"column":22},"end":{"line":32,"column":63}},"type":"cond-expr","locations":[{"start":{"line":30,"column":36},"end":{"line":32,"column":63}},{"start":{"line":32,"column":59},"end":{"line":32,"column":63}}],"line":30},"9":{"loc":{"start":{"line":32,"column":39},"end":{"line":32,"column":57}},"type":"binary-expr","locations":[{"start":{"line":32,"column":39},"end":{"line":32,"column":41}},{"start":{"line":32,"column":39},"end":{"line":32,"column":57}}],"line":32},"10":{"loc":{"start":{"line":36,"column":17},"end":{"line":37,"column":64}},"type":"cond-expr","locations":[{"start":{"line":36,"column":29},"end":{"line":37,"column":64}}],"line":36},"11":{"loc":{"start":{"line":37,"column":53},"end":{"line":37,"column":64}},"type":"binary-expr","locations":[{"start":{"line":37,"column":53},"end":{"line":37,"column":64}},{"start":{"line":37,"column":53},"end":{"line":37,"column":64}}],"line":37}},"s":{"0":19,"1":19,"2":2,"3":2,"4":1,"5":1,"6":2,"7":2,"8":2,"9":2,"10":26,"11":5,"12":1,"13":12},"f":{"0":2,"1":5,"2":1,"3":12},"b":{"0":[1,1],"1":[2,24],"2":[5],"3":[5,5],"4":[21,3],"5":[1,2],"6":[2,0],"7":[6,18],"8":[6,18],"9":[6,5],"10":[19],"11":[12,12]},"meta":{"lastBranch":0,"lastFunction":0,"lastStatement":0,"seen":{}}}
,"/Users/yangtengjiao/Documents/j2ee/JeecgBoot_sass/.worktrees/feature/user-08-feedback-support-frontend/jeecgboot-vue3/src/views/support/customer-service/components/ChatPanel.vue": {"path":"/Users/yangtengjiao/Documents/j2ee/JeecgBoot_sass/.worktrees/feature/user-08-feedback-support-frontend/jeecgboot-vue3/src/views/support/customer-service/components/ChatPanel.vue","statementMap":{"0":{"start":{"line":84,"column":6},"end":{"line":84,"column":null}},"1":{"start":{"line":85,"column":6},"end":{"line":85,"column":null}},"2":{"start":{"line":86,"column":6},"end":{"line":86,"column":null}},"3":{"start":{"line":88,"column":21},"end":{"line":88,"column":null}},"4":{"start":{"line":90,"column":6},"end":{"line":90,"column":null}},"5":{"start":{"line":90,"column":36},"end":{"line":90,"column":114}},"6":{"start":{"line":92,"column":6},"end":{"line":97,"column":null}},"7":{"start":{"line":93,"column":2},"end":{"line":93,"column":null}},"8":{"start":{"line":93,"column":29},"end":{"line":93,"column":null}},"9":{"start":{"line":94,"column":2},"end":{"line":96,"column":null}},"10":{"start":{"line":100,"column":6},"end":{"line":109,"column":null}},"11":{"start":{"line":101,"column":2},"end":{"line":108,"column":null}},"12":{"start":{"line":101,"column":35},"end":{"line":108,"column":4}},"13":{"start":{"line":112,"column":2},"end":{"line":112,"column":null}},"14":{"start":{"line":112,"column":29},"end":{"line":112,"column":null}},"15":{"start":{"line":113,"column":2},"end":{"line":113,"column":null}},"16":{"start":{"line":113,"column":54},"end":{"line":113,"column":null}},"17":{"start":{"line":114,"column":2},"end":{"line":114,"column":null}},"18":{"start":{"line":114,"column":31},"end":{"line":114,"column":null}},"19":{"start":{"line":115,"column":2},"end":{"line":115,"column":null}},"20":{"start":{"line":119,"column":2},"end":{"line":123,"column":null}},"21":{"start":{"line":120,"column":4},"end":{"line":122,"column":null}},"22":{"start":{"line":121,"column":6},"end":{"line":121,"column":null}},"23":{"start":{"line":127,"column":0},"end":{"line":127,"column":null}},"24":{"start":{"line":127,"column":12},"end":{"line":127,"column":39}},"25":{"start":{"line":129,"column":18},"end":{"line":129,"column":null}},"26":{"start":{"line":130,"column":0},"end":{"line":139,"column":null}},"27":{"start":{"line":131,"column":2},"end":{"line":138,"column":null}},"28":{"start":{"line":132,"column":16},"end":{"line":132,"column":null}},"29":{"start":{"line":133,"column":4},"end":{"line":133,"column":null}},"30":{"start":{"line":133,"column":21},"end":{"line":133,"column":null}},"31":{"start":{"line":134,"column":4},"end":{"line":134,"column":null}},"32":{"start":{"line":135,"column":4},"end":{"line":135,"column":null}},"33":{"start":{"line":137,"column":4},"end":{"line":137,"column":null}},"34":{"start":{"line":137,"column":22},"end":{"line":137,"column":null}},"35":{"start":{"line":141,"column":0},"end":{"line":143,"column":null}},"36":{"start":{"line":142,"column":2},"end":{"line":142,"column":null}},"37":{"start":{"line":146,"column":18},"end":{"line":146,"column":null}},"38":{"start":{"line":147,"column":2},"end":{"line":147,"column":null}},"39":{"start":{"line":147,"column":41},"end":{"line":147,"column":null}},"40":{"start":{"line":149,"column":16},"end":{"line":149,"column":null}},"41":{"start":{"line":150,"column":2},"end":{"line":158,"column":null}},"42":{"start":{"line":159,"column":2},"end":{"line":159,"column":null}},"43":{"start":{"line":160,"column":2},"end":{"line":160,"column":null}},"44":{"start":{"line":162,"column":2},"end":{"line":167,"column":null}},"45":{"start":{"line":163,"column":4},"end":{"line":163,"column":null}},"46":{"start":{"line":164,"column":4},"end":{"line":164,"column":null}},"47":{"start":{"line":166,"column":4},"end":{"line":166,"column":null}},"48":{"start":{"line":171,"column":2},"end":{"line":174,"column":null}},"49":{"start":{"line":172,"column":4},"end":{"line":172,"column":null}},"50":{"start":{"line":173,"column":4},"end":{"line":173,"column":null}},"51":{"start":{"line":178,"column":14},"end":{"line":178,"column":null}},"52":{"start":{"line":178,"column":45},"end":{"line":178,"column":59}},"53":{"start":{"line":179,"column":2},"end":{"line":184,"column":null}},"54":{"start":{"line":180,"column":4},"end":{"line":180,"column":null}},"55":{"start":{"line":181,"column":4},"end":{"line":183,"column":null}},"56":{"start":{"line":182,"column":18},"end":{"line":182,"column":58}},"57":{"start":{"line":183,"column":19},"end":{"line":183,"column":61}},"58":{"start":{"line":188,"column":2},"end":{"line":188,"column":null}},"59":{"start":{"line":188,"column":29},"end":{"line":188,"column":null}},"60":{"start":{"line":189,"column":2},"end":{"line":206,"column":null}},"61":{"start":{"line":190,"column":16},"end":{"line":190,"column":null}},"62":{"start":{"line":191,"column":4},"end":{"line":193,"column":null}},"63":{"start":{"line":192,"column":6},"end":{"line":192,"column":null}},"64":{"start":{"line":194,"column":4},"end":{"line":194,"column":null}},"65":{"start":{"line":195,"column":4},"end":{"line":203,"column":null}},"66":{"start":{"line":205,"column":4},"end":{"line":205,"column":null}},"67":{"start":{"line":210,"column":2},"end":{"line":223,"column":null}},"68":{"start":{"line":214,"column":6},"end":{"line":220,"column":null}},"69":{"start":{"line":215,"column":8},"end":{"line":219,"column":null}},"70":{"start":{"line":216,"column":10},"end":{"line":216,"column":null}},"71":{"start":{"line":221,"column":6},"end":{"line":221,"column":null}},"72":{"start":{"line":2,"column":7},"end":{"line":2,"column":null}},"73":{"start":{"line":10,"column":9},"end":{"line":10,"column":null}},"74":{"start":{"line":11,"column":12},"end":{"line":11,"column":36}},"75":{"start":{"line":15,"column":11},"end":{"line":15,"column":null}},"76":{"start":{"line":43,"column":9},"end":{"line":43,"column":null}},"77":{"start":{"line":50,"column":11},"end":{"line":50,"column":null}},"78":{"start":{"line":2,"column":2},"end":{"line":65,"column":19}},"79":{"start":{"line":16,"column":80},"end":{"line":16,"column":91}},"80":{"start":{"line":22,"column":6},"end":{"line":26,"column":null}},"81":{"start":{"line":26,"column":16},"end":{"line":26,"column":null}},"82":{"start":{"line":32,"column":6},"end":{"line":38,"column":19}},"83":{"start":{"line":36,"column":16},"end":{"line":36,"column":null}},"84":{"start":{"line":38,"column":19},"end":{"line":38,"column":19}},"85":{"start":{"line":45,"column":23},"end":{"line":45,"column":null}},"86":{"start":{"line":57,"column":8},"end":{"line":57,"column":19}},"87":{"start":{"line":62,"column":18},"end":{"line":62,"column":null}},"88":{"start":{"line":65,"column":8},"end":{"line":65,"column":19}}},"fnMap":{"0":{"name":"(anonymous_0)","decl":{"start":{"line":90,"column":30},"end":{"line":90,"column":36}},"loc":{"start":{"line":90,"column":36},"end":{"line":90,"column":114}},"line":90},"1":{"name":"(anonymous_1)","decl":{"start":{"line":92,"column":34},"end":{"line":92,"column":40}},"loc":{"start":{"line":92,"column":40},"end":{"line":97,"column":1}},"line":92},"2":{"name":"(anonymous_2)","decl":{"start":{"line":100,"column":52},"end":{"line":100,"column":null}},"loc":{"start":{"line":101,"column":2},"end":{"line":108,"column":null}},"line":101},"3":{"name":"(anonymous_3)","decl":{"start":{"line":101,"column":25},"end":{"line":101,"column":26}},"loc":{"start":{"line":101,"column":35},"end":{"line":108,"column":4}},"line":101},"4":{"name":"mapSenderType","decl":{"start":{"line":111,"column":9},"end":{"line":111,"column":23}},"loc":{"start":{"line":111,"column":68},"end":{"line":116,"column":null}},"line":111},"5":{"name":"scrollToBottom","decl":{"start":{"line":118,"column":9},"end":{"line":118,"column":26}},"loc":{"start":{"line":118,"column":26},"end":{"line":124,"column":null}},"line":118},"6":{"name":"(anonymous_6)","decl":{"start":{"line":119,"column":11},"end":{"line":119,"column":17}},"loc":{"start":{"line":119,"column":17},"end":{"line":123,"column":3}},"line":119},"7":{"name":"(anonymous_7)","decl":{"start":{"line":127,"column":6},"end":{"line":127,"column":12}},"loc":{"start":{"line":127,"column":12},"end":{"line":127,"column":39}},"line":127},"8":{"name":"(anonymous_8)","decl":{"start":{"line":130,"column":10},"end":{"line":130,"column":22}},"loc":{"start":{"line":130,"column":22},"end":{"line":139,"column":1}},"line":130},"9":{"name":"(anonymous_9)","decl":{"start":{"line":141,"column":12},"end":{"line":141,"column":18}},"loc":{"start":{"line":141,"column":18},"end":{"line":143,"column":1}},"line":141},"10":{"name":"handleSend","decl":{"start":{"line":145,"column":15},"end":{"line":145,"column":26}},"loc":{"start":{"line":145,"column":40},"end":{"line":168,"column":null}},"line":145},"11":{"name":"handleEnter","decl":{"start":{"line":170,"column":9},"end":{"line":170,"column":21}},"loc":{"start":{"line":170,"column":39},"end":{"line":175,"column":null}},"line":170},"12":{"name":"handleRetry","decl":{"start":{"line":177,"column":9},"end":{"line":177,"column":21}},"loc":{"start":{"line":177,"column":36},"end":{"line":185,"column":null}},"line":177},"13":{"name":"(anonymous_13)","decl":{"start":{"line":178,"column":38},"end":{"line":178,"column":39}},"loc":{"start":{"line":178,"column":45},"end":{"line":178,"column":59}},"line":178},"14":{"name":"(anonymous_14)","decl":{"start":{"line":182,"column":12},"end":{"line":182,"column":18}},"loc":{"start":{"line":182,"column":18},"end":{"line":182,"column":58}},"line":182},"15":{"name":"(anonymous_15)","decl":{"start":{"line":183,"column":13},"end":{"line":183,"column":19}},"loc":{"start":{"line":183,"column":19},"end":{"line":183,"column":61}},"line":183},"16":{"name":"handleTransfer","decl":{"start":{"line":187,"column":15},"end":{"line":187,"column":32}},"loc":{"start":{"line":187,"column":32},"end":{"line":207,"column":null}},"line":187},"17":{"name":"handleClose","decl":{"start":{"line":209,"column":9},"end":{"line":209,"column":23}},"loc":{"start":{"line":209,"column":23},"end":{"line":224,"column":null}},"line":209},"18":{"name":"(anonymous_18)","decl":{"start":{"line":213,"column":10},"end":{"line":213,"column":22}},"loc":{"start":{"line":213,"column":22},"end":{"line":222,"column":null}},"line":213},"19":{"name":"(anonymous_19)","decl":{"start":{"line":16,"column":76},"end":{"line":16,"column":80}},"loc":{"start":{"line":16,"column":80},"end":{"line":16,"column":91}},"line":16},"20":{"name":"(anonymous_20)","decl":{"start":{"line":23,"column":37},"end":{"line":23,"column":null}},"loc":{"start":{"line":23,"column":18},"end":{"line":26,"column":null}},"line":23},"21":{"name":"(anonymous_21)","decl":{"start":{"line":26,"column":14},"end":{"line":26,"column":16}},"loc":{"start":{"line":26,"column":16},"end":{"line":26,"column":null}},"line":26},"22":{"name":"(anonymous_22)","decl":{"start":{"line":33,"column":36},"end":{"line":33,"column":null}},"loc":{"start":{"line":33,"column":20},"end":{"line":38,"column":19}},"line":33},"23":{"name":"(anonymous_23)","decl":{"start":{"line":36,"column":14},"end":{"line":36,"column":16}},"loc":{"start":{"line":36,"column":16},"end":{"line":36,"column":null}},"line":36},"24":{"name":"(anonymous_24)","decl":{"start":{"line":38,"column":8},"end":{"line":38,"column":11}},"loc":{"start":{"line":38,"column":19},"end":{"line":38,"column":19}},"line":38},"25":{"name":"(anonymous_25)","decl":{"start":{"line":45,"column":23},"end":{"line":45,"column":32}},"loc":{"start":{"line":45,"column":23},"end":{"line":45,"column":null}},"line":45},"26":{"name":"(anonymous_26)","decl":{"start":{"line":55,"column":9},"end":{"line":55,"column":null}},"loc":{"start":{"line":57,"column":8},"end":{"line":57,"column":19}},"line":57},"27":{"name":"(anonymous_27)","decl":{"start":{"line":62,"column":16},"end":{"line":62,"column":18}},"loc":{"start":{"line":62,"column":18},"end":{"line":62,"column":null}},"line":62},"28":{"name":"(anonymous_28)","decl":{"start":{"line":63,"column":9},"end":{"line":63,"column":null}},"loc":{"start":{"line":65,"column":8},"end":{"line":65,"column":19}},"line":65}},"branchMap":{"0":{"loc":{"start":{"line":90,"column":36},"end":{"line":90,"column":114}},"type":"binary-expr","locations":[{"start":{"line":90,"column":36},"end":{"line":90,"column":76}},{"start":{"line":90,"column":76},"end":{"line":90,"column":114}}],"line":90},"1":{"loc":{"start":{"line":93,"column":2},"end":{"line":93,"column":null}},"type":"if","locations":[{"start":{"line":93,"column":2},"end":{"line":93,"column":null}},{"start":{},"end":{}}],"line":93},"2":{"loc":{"start":{"line":94,"column":9},"end":{"line":96,"column":null}},"type":"cond-expr","locations":[{"start":{"line":95,"column":6},"end":{"line":95,"column":null}},{"start":{"line":96,"column":6},"end":{"line":96,"column":null}}],"line":94},"3":{"loc":{"start":{"line":94,"column":9},"end":{"line":94,"column":null}},"type":"binary-expr","locations":[{"start":{"line":94,"column":9},"end":{"line":94,"column":48}},{"start":{"line":94,"column":48},"end":{"line":94,"column":null}}],"line":94},"4":{"loc":{"start":{"line":104,"column":11},"end":{"line":104,"column":null}},"type":"binary-expr","locations":[{"start":{"line":104,"column":11},"end":{"line":104,"column":58}},{"start":{"line":104,"column":58},"end":{"line":104,"column":null}}],"line":104},"5":{"loc":{"start":{"line":106,"column":13},"end":{"line":106,"column":null}},"type":"binary-expr","locations":[{"start":{"line":106,"column":13},"end":{"line":106,"column":57}},{"start":{"line":106,"column":57},"end":{"line":106,"column":null}}],"line":106},"6":{"loc":{"start":{"line":112,"column":2},"end":{"line":112,"column":null}},"type":"if","locations":[{"start":{"line":112,"column":2},"end":{"line":112,"column":null}},{"start":{},"end":{}}],"line":112},"7":{"loc":{"start":{"line":113,"column":2},"end":{"line":113,"column":null}},"type":"if","locations":[{"start":{"line":113,"column":2},"end":{"line":113,"column":null}},{"start":{},"end":{}}],"line":113},"8":{"loc":{"start":{"line":113,"column":6},"end":{"line":113,"column":54}},"type":"binary-expr","locations":[{"start":{"line":113,"column":6},"end":{"line":113,"column":30}},{"start":{"line":113,"column":30},"end":{"line":113,"column":54}}],"line":113},"9":{"loc":{"start":{"line":114,"column":2},"end":{"line":114,"column":null}},"type":"if","locations":[{"start":{"line":114,"column":2},"end":{"line":114,"column":null}},{"start":{},"end":{}}],"line":114},"10":{"loc":{"start":{"line":120,"column":4},"end":{"line":122,"column":null}},"type":"if","locations":[{"start":{"line":120,"column":4},"end":{"line":122,"column":null}},{"start":{},"end":{}}],"line":120},"11":{"loc":{"start":{"line":133,"column":4},"end":{"line":133,"column":null}},"type":"if","locations":[{"start":{"line":133,"column":4},"end":{"line":133,"column":null}},{"start":{},"end":{}}],"line":133},"12":{"loc":{"start":{"line":137,"column":4},"end":{"line":137,"column":null}},"type":"if","locations":[{"start":{"line":137,"column":4},"end":{"line":137,"column":null}},{"start":{},"end":{}}],"line":137},"13":{"loc":{"start":{"line":147,"column":2},"end":{"line":147,"column":null}},"type":"if","locations":[{"start":{"line":147,"column":2},"end":{"line":147,"column":null}},{"start":{},"end":{}}],"line":147},"14":{"loc":{"start":{"line":147,"column":6},"end":{"line":147,"column":41}},"type":"binary-expr","locations":[{"start":{"line":147,"column":6},"end":{"line":147,"column":18}},{"start":{"line":147,"column":18},"end":{"line":147,"column":41}}],"line":147},"15":{"loc":{"start":{"line":171,"column":2},"end":{"line":174,"column":null}},"type":"if","locations":[{"start":{"line":171,"column":2},"end":{"line":174,"column":null}},{"start":{},"end":{}}],"line":171},"16":{"loc":{"start":{"line":179,"column":2},"end":{"line":184,"column":null}},"type":"if","locations":[{"start":{"line":179,"column":2},"end":{"line":184,"column":null}},{"start":{},"end":{}}],"line":179},"17":{"loc":{"start":{"line":179,"column":6},"end":{"line":179,"column":35}},"type":"binary-expr","locations":[{"start":{"line":179,"column":6},"end":{"line":179,"column":13}},{"start":{"line":179,"column":13},"end":{"line":179,"column":35}}],"line":179},"18":{"loc":{"start":{"line":188,"column":2},"end":{"line":188,"column":null}},"type":"if","locations":[{"start":{"line":188,"column":2},"end":{"line":188,"column":null}},{"start":{},"end":{}}],"line":188},"19":{"loc":{"start":{"line":191,"column":4},"end":{"line":193,"column":null}},"type":"if","locations":[{"start":{"line":191,"column":4},"end":{"line":193,"column":null}},{"start":{},"end":{}}],"line":191},"20":{"loc":{"start":{"line":214,"column":6},"end":{"line":220,"column":null}},"type":"if","locations":[{"start":{"line":214,"column":6},"end":{"line":220,"column":null}},{"start":{},"end":{}}],"line":214},"21":{"loc":{"start":{"line":3,"column":4},"end":{"line":6,"column":56}},"type":"cond-expr","locations":[{"start":{"line":4,"column":22},"end":{"line":6,"column":56}}],"line":3},"22":{"loc":{"start":{"line":5,"column":17},"end":{"line":6,"column":56}},"type":"cond-expr","locations":[{"start":{"line":5,"column":23},"end":{"line":5,"column":79}},{"start":{"line":5,"column":73},"end":{"line":6,"column":56}}],"line":5},"23":{"loc":{"start":{"line":12,"column":18},"end":{"line":14,"column":13}},"type":"cond-expr","locations":[{"start":{"line":12,"column":37},"end":{"line":14,"column":13}},{"start":{"line":14,"column":6},"end":{"line":14,"column":13}}],"line":12},"24":{"loc":{"start":{"line":16,"column":80},"end":{"line":16,"column":91}},"type":"binary-expr","locations":[{"start":{"line":16,"column":80},"end":{"line":16,"column":91}},{"start":{"line":16,"column":80},"end":{"line":16,"column":91}}],"line":16},"25":{"loc":{"start":{"line":31,"column":15},"end":{"line":38,"column":19}},"type":"cond-expr","locations":[{"start":{"line":31,"column":15},"end":{"line":38,"column":19}}],"line":31},"26":{"loc":{"start":{"line":45,"column":23},"end":{"line":45,"column":null}},"type":"binary-expr","locations":[{"start":{"line":45,"column":23},"end":{"line":45,"column":32}},{"start":{"line":45,"column":23},"end":{"line":45,"column":null}}],"line":45},"27":{"loc":{"start":{"line":52,"column":16},"end":{"line":57,"column":19}},"type":"cond-expr","locations":[{"start":{"line":52,"column":16},"end":{"line":57,"column":19}}],"line":52},"28":{"loc":{"start":{"line":57,"column":8},"end":{"line":57,"column":19}},"type":"binary-expr","locations":[{"start":{"line":57,"column":8},"end":{"line":57,"column":19}},{"start":{"line":57,"column":8},"end":{"line":57,"column":19}}],"line":57},"29":{"loc":{"start":{"line":62,"column":16},"end":{"line":62,"column":null}},"type":"binary-expr","locations":[{"start":{"line":62,"column":16},"end":{"line":62,"column":18}},{"start":{"line":62,"column":16},"end":{"line":62,"column":null}}],"line":62},"30":{"loc":{"start":{"line":65,"column":8},"end":{"line":65,"column":19}},"type":"binary-expr","locations":[{"start":{"line":65,"column":8},"end":{"line":65,"column":19}},{"start":{"line":65,"column":8},"end":{"line":65,"column":19}}],"line":65}},"s":{"0":18,"1":18,"2":18,"3":18,"4":18,"5":45,"6":18,"7":45,"8":19,"9":26,"10":18,"11":33,"12":15,"13":15,"14":13,"15":2,"16":1,"17":1,"18":1,"19":0,"20":10,"21":10,"22":10,"23":18,"24":26,"25":18,"26":18,"27":18,"28":18,"29":16,"30":0,"31":16,"32":16,"33":2,"34":1,"35":18,"36":1,"37":3,"38":3,"39":0,"40":3,"41":3,"42":3,"43":3,"44":3,"45":3,"46":2,"47":1,"48":2,"49":1,"50":1,"51":2,"52":2,"53":2,"54":2,"55":2,"56":1,"57":1,"58":2,"59":0,"60":2,"61":2,"62":1,"63":1,"64":1,"65":1,"66":1,"67":1,"68":1,"69":1,"70":1,"71":1,"72":1,"73":1,"74":1,"75":1,"76":1,"77":1,"78":52,"79":18,"80":15,"81":0,"82":99,"83":0,"84":99,"85":0,"86":16,"87":0,"88":19},"f":{"0":45,"1":45,"2":33,"3":15,"4":15,"5":10,"6":10,"7":26,"8":18,"9":1,"10":3,"11":2,"12":2,"13":2,"14":1,"15":1,"16":2,"17":1,"18":1,"19":18,"20":15,"21":0,"22":99,"23":0,"24":99,"25":0,"26":16,"27":0,"28":19},"b":{"0":[45,19],"1":[19,26],"2":[26,0],"3":[26,0],"4":[15,0],"5":[15,0],"6":[13,2],"7":[1,1],"8":[2,1],"9":[1,0],"10":[10,0],"11":[0,16],"12":[1,1],"13":[0,3],"14":[3,3],"15":[1,1],"16":[2,0],"17":[2,2],"18":[0,2],"19":[1,0],"20":[1,0],"21":[20],"22":[1,19],"23":[2,50],"24":[18,18],"25":[33],"26":[52,18],"27":[33],"28":[16,16],"29":[52,18],"30":[19,18]},"meta":{"lastBranch":0,"lastFunction":0,"lastStatement":0,"seen":{}}}
,"/Users/yangtengjiao/Documents/j2ee/JeecgBoot_sass/.worktrees/feature/user-08-feedback-support-frontend/jeecgboot-vue3/src/views/support/customer-service/components/RatingModal.vue": {"path":"/Users/yangtengjiao/Documents/j2ee/JeecgBoot_sass/.worktrees/feature/user-08-feedback-support-frontend/jeecgboot-vue3/src/views/support/customer-service/components/RatingModal.vue","statementMap":{"0":{"start":{"line":45,"column":14},"end":{"line":45,"column":null}},"1":{"start":{"line":50,"column":13},"end":{"line":50,"column":null}},"2":{"start":{"line":55,"column":6},"end":{"line":55,"column":null}},"3":{"start":{"line":56,"column":6},"end":{"line":56,"column":null}},"4":{"start":{"line":57,"column":6},"end":{"line":57,"column":null}},"5":{"start":{"line":60,"column":2},"end":{"line":60,"column":null}},"6":{"start":{"line":64,"column":2},"end":{"line":64,"column":null}},"7":{"start":{"line":64,"column":25},"end":{"line":64,"column":null}},"8":{"start":{"line":65,"column":2},"end":{"line":65,"column":null}},"9":{"start":{"line":66,"column":2},"end":{"line":78,"column":null}},"10":{"start":{"line":67,"column":4},"end":{"line":70,"column":null}},"11":{"start":{"line":71,"column":4},"end":{"line":71,"column":null}},"12":{"start":{"line":72,"column":4},"end":{"line":72,"column":null}},"13":{"start":{"line":73,"column":4},"end":{"line":73,"column":null}},"14":{"start":{"line":75,"column":4},"end":{"line":75,"column":null}},"15":{"start":{"line":77,"column":4},"end":{"line":77,"column":null}},"16":{"start":{"line":9,"column":9},"end":{"line":9,"column":null}},"17":{"start":{"line":10,"column":11},"end":{"line":10,"column":null}},"18":{"start":{"line":15,"column":11},"end":{"line":15,"column":null}},"19":{"start":{"line":25,"column":11},"end":{"line":25,"column":null}},"20":{"start":{"line":2,"column":2},"end":{"line":34,"column":19}},"21":{"start":{"line":36,"column":10},"end":{"line":34,"column":19}},"22":{"start":{"line":12,"column":31},"end":{"line":12,"column":39}},"23":{"start":{"line":17,"column":25},"end":{"line":17,"column":null}},"24":{"start":{"line":34,"column":8},"end":{"line":34,"column":19}}},"fnMap":{"0":{"name":"handleClose","decl":{"start":{"line":59,"column":9},"end":{"line":59,"column":23}},"loc":{"start":{"line":59,"column":23},"end":{"line":61,"column":null}},"line":59},"1":{"name":"handleSubmit","decl":{"start":{"line":63,"column":15},"end":{"line":63,"column":30}},"loc":{"start":{"line":63,"column":30},"end":{"line":79,"column":null}},"line":63},"2":{"name":"(anonymous_2)","decl":{"start":{"line":9,"column":4},"end":{"line":9,"column":9}},"loc":{"start":{"line":36,"column":10},"end":{"line":34,"column":19}},"line":36},"3":{"name":"(anonymous_3)","decl":{"start":{"line":12,"column":31},"end":{"line":12,"column":36}},"loc":{"start":{"line":12,"column":31},"end":{"line":12,"column":39}},"line":12},"4":{"name":"(anonymous_4)","decl":{"start":{"line":17,"column":25},"end":{"line":17,"column":32}},"loc":{"start":{"line":17,"column":25},"end":{"line":17,"column":null}},"line":17},"5":{"name":"(anonymous_5)","decl":{"start":{"line":32,"column":9},"end":{"line":32,"column":null}},"loc":{"start":{"line":34,"column":8},"end":{"line":34,"column":19}},"line":34}},"branchMap":{"0":{"loc":{"start":{"line":64,"column":2},"end":{"line":64,"column":null}},"type":"if","locations":[{"start":{"line":64,"column":2},"end":{"line":64,"column":null}},{"start":{},"end":{}}],"line":64},"1":{"loc":{"start":{"line":69,"column":15},"end":{"line":69,"column":null}},"type":"binary-expr","locations":[{"start":{"line":69,"column":15},"end":{"line":69,"column":32}},{"start":{"line":69,"column":32},"end":{"line":69,"column":null}}],"line":69},"2":{"loc":{"start":{"line":13,"column":12},"end":{"line":11,"column":50}},"type":"binary-expr","locations":[{"start":{"line":13,"column":12},"end":{"line":13,"column":null}},{"start":{"line":13,"column":12},"end":{"line":11,"column":50}}],"line":13},"3":{"loc":{"start":{"line":12,"column":31},"end":{"line":12,"column":39}},"type":"binary-expr","locations":[{"start":{"line":12,"column":31},"end":{"line":12,"column":36}},{"start":{"line":12,"column":31},"end":{"line":12,"column":39}}],"line":12},"4":{"loc":{"start":{"line":17,"column":25},"end":{"line":17,"column":null}},"type":"binary-expr","locations":[{"start":{"line":17,"column":25},"end":{"line":17,"column":32}},{"start":{"line":17,"column":25},"end":{"line":17,"column":null}}],"line":17},"5":{"loc":{"start":{"line":34,"column":8},"end":{"line":34,"column":19}},"type":"binary-expr","locations":[{"start":{"line":34,"column":8},"end":{"line":34,"column":19}},{"start":{"line":34,"column":8},"end":{"line":34,"column":19}}],"line":34}},"s":{"0":8,"1":8,"2":8,"3":8,"4":8,"5":1,"6":2,"7":0,"8":2,"9":2,"10":2,"11":2,"12":2,"13":2,"14":0,"15":2,"16":1,"17":1,"18":1,"19":1,"20":8,"21":14,"22":0,"23":0,"24":14},"f":{"0":1,"1":2,"2":14,"3":0,"4":0,"5":14},"b":{"0":[0,2],"1":[2,1],"2":[14,8],"3":[14,8],"4":[14,8],"5":[14,8]},"meta":{"lastBranch":0,"lastFunction":0,"lastStatement":0,"seen":{}}}
,"/Users/yangtengjiao/Documents/j2ee/JeecgBoot_sass/.worktrees/feature/user-08-feedback-support-frontend/jeecgboot-vue3/src/views/support/help/components/ArticleFeedback.vue": {"path":"/Users/yangtengjiao/Documents/j2ee/JeecgBoot_sass/.worktrees/feature/user-08-feedback-support-frontend/jeecgboot-vue3/src/views/support/help/components/ArticleFeedback.vue","statementMap":{"0":{"start":{"line":38,"column":14},"end":{"line":38,"column":null}},"1":{"start":{"line":39,"column":13},"end":{"line":39,"column":null}},"2":{"start":{"line":43,"column":6},"end":{"line":43,"column":null}},"3":{"start":{"line":44,"column":6},"end":{"line":44,"column":null}},"4":{"start":{"line":46,"column":23},"end":{"line":55,"column":null}},"5":{"start":{"line":47,"column":2},"end":{"line":47,"column":null}},"6":{"start":{"line":47,"column":31},"end":{"line":47,"column":null}},"7":{"start":{"line":48,"column":2},"end":{"line":48,"column":null}},"8":{"start":{"line":49,"column":2},"end":{"line":53,"column":null}},"9":{"start":{"line":50,"column":4},"end":{"line":50,"column":null}},"10":{"start":{"line":54,"column":2},"end":{"line":54,"column":null}},"11":{"start":{"line":57,"column":28},"end":{"line":59,"column":null}},"12":{"start":{"line":58,"column":2},"end":{"line":58,"column":null}},"13":{"start":{"line":2,"column":7},"end":{"line":2,"column":null}},"14":{"start":{"line":4,"column":9},"end":{"line":4,"column":null}},"15":{"start":{"line":2,"column":2},"end":{"line":27,"column":75}},"16":{"start":{"line":9,"column":16},"end":{"line":9,"column":null}},"17":{"start":{"line":11,"column":25},"end":{"line":13,"column":17}},"18":{"start":{"line":18,"column":16},"end":{"line":18,"column":null}},"19":{"start":{"line":20,"column":28},"end":{"line":22,"column":17}},"20":{"start":{"line":27,"column":64},"end":{"line":27,"column":75}}},"fnMap":{"0":{"name":"(anonymous_0)","decl":{"start":{"line":46,"column":23},"end":{"line":46,"column":30}},"loc":{"start":{"line":46,"column":51},"end":{"line":55,"column":null}},"line":46},"1":{"name":"(anonymous_1)","decl":{"start":{"line":57,"column":28},"end":{"line":57,"column":34}},"loc":{"start":{"line":57,"column":34},"end":{"line":59,"column":null}},"line":57},"2":{"name":"(anonymous_2)","decl":{"start":{"line":9,"column":14},"end":{"line":9,"column":16}},"loc":{"start":{"line":9,"column":16},"end":{"line":9,"column":null}},"line":9},"3":{"name":"(anonymous_3)","decl":{"start":{"line":11,"column":8},"end":{"line":11,"column":25}},"loc":{"start":{"line":11,"column":25},"end":{"line":13,"column":17}},"line":11},"4":{"name":"(anonymous_4)","decl":{"start":{"line":18,"column":14},"end":{"line":18,"column":16}},"loc":{"start":{"line":18,"column":16},"end":{"line":18,"column":null}},"line":18},"5":{"name":"(anonymous_5)","decl":{"start":{"line":20,"column":8},"end":{"line":20,"column":28}},"loc":{"start":{"line":20,"column":28},"end":{"line":22,"column":17}},"line":20},"6":{"name":"(anonymous_6)","decl":{"start":{"line":27,"column":60},"end":{"line":27,"column":64}},"loc":{"start":{"line":27,"column":64},"end":{"line":27,"column":75}},"line":27}},"branchMap":{"0":{"loc":{"start":{"line":47,"column":2},"end":{"line":47,"column":null}},"type":"if","locations":[{"start":{"line":47,"column":2},"end":{"line":47,"column":null}},{"start":{},"end":{}}],"line":47},"1":{"loc":{"start":{"line":48,"column":19},"end":{"line":48,"column":null}},"type":"cond-expr","locations":[{"start":{"line":48,"column":29},"end":{"line":48,"column":41}},{"start":{"line":48,"column":41},"end":{"line":48,"column":null}}],"line":48},"2":{"loc":{"start":{"line":29,"column":8},"end":{"line":3,"column":48}},"type":"binary-expr","locations":[{"start":{"line":29,"column":8},"end":{"line":29,"column":null}},{"start":{"line":29,"column":8},"end":{"line":3,"column":48}}],"line":29},"3":{"loc":{"start":{"line":9,"column":14},"end":{"line":9,"column":null}},"type":"binary-expr","locations":[{"start":{"line":9,"column":14},"end":{"line":9,"column":16}},{"start":{"line":9,"column":14},"end":{"line":9,"column":null}}],"line":9},"4":{"loc":{"start":{"line":11,"column":25},"end":{"line":13,"column":17}},"type":"binary-expr","locations":[{"start":{"line":11,"column":25},"end":{"line":11,"column":null}},{"start":{"line":11,"column":25},"end":{"line":13,"column":17}}],"line":11},"5":{"loc":{"start":{"line":18,"column":14},"end":{"line":18,"column":null}},"type":"binary-expr","locations":[{"start":{"line":18,"column":14},"end":{"line":18,"column":16}},{"start":{"line":18,"column":14},"end":{"line":18,"column":null}}],"line":18},"6":{"loc":{"start":{"line":20,"column":28},"end":{"line":22,"column":17}},"type":"binary-expr","locations":[{"start":{"line":20,"column":28},"end":{"line":20,"column":null}},{"start":{"line":20,"column":28},"end":{"line":22,"column":17}}],"line":20},"7":{"loc":{"start":{"line":24,"column":15},"end":{"line":27,"column":75}},"type":"cond-expr","locations":[{"start":{"line":24,"column":23},"end":{"line":27,"column":75}}],"line":24},"8":{"loc":{"start":{"line":25,"column":19},"end":{"line":26,"column":22}},"type":"binary-expr","locations":[{"start":{"line":25,"column":19},"end":{"line":25,"column":null}},{"start":{"line":25,"column":19},"end":{"line":26,"column":22}}],"line":25},"9":{"loc":{"start":{"line":27,"column":64},"end":{"line":27,"column":75}},"type":"binary-expr","locations":[{"start":{"line":27,"column":64},"end":{"line":27,"column":75}},{"start":{"line":27,"column":64},"end":{"line":27,"column":75}}],"line":27}},"s":{"0":4,"1":4,"2":4,"3":4,"4":4,"5":4,"6":1,"7":3,"8":4,"9":4,"10":3,"11":4,"12":0,"13":1,"14":1,"15":7,"16":3,"17":7,"18":1,"19":7,"20":1},"f":{"0":4,"1":0,"2":3,"3":7,"4":1,"5":7,"6":1},"b":{"0":[1,3],"1":[2,1],"2":[7,4],"3":[7,4],"4":[7,4],"5":[7,4],"6":[7,4],"7":[1],"8":[1,1],"9":[1,1]},"meta":{"lastBranch":0,"lastFunction":0,"lastStatement":0,"seen":{}}}
,"/Users/yangtengjiao/Documents/j2ee/JeecgBoot_sass/.worktrees/feature/user-08-feedback-support-frontend/jeecgboot-vue3/src/views/support/help/components/HelpSearch.vue": {"path":"/Users/yangtengjiao/Documents/j2ee/JeecgBoot_sass/.worktrees/feature/user-08-feedback-support-frontend/jeecgboot-vue3/src/views/support/help/components/HelpSearch.vue","statementMap":{"0":{"start":{"line":17,"column":13},"end":{"line":17,"column":null}},"1":{"start":{"line":21,"column":6},"end":{"line":21,"column":null}},"2":{"start":{"line":22,"column":6},"end":{"line":26,"column":null}},"3":{"start":{"line":23,"column":2},"end":{"line":25,"column":null}},"4":{"start":{"line":24,"column":4},"end":{"line":24,"column":null}},"5":{"start":{"line":28,"column":0},"end":{"line":30,"column":null}},"6":{"start":{"line":29,"column":2},"end":{"line":29,"column":null}},"7":{"start":{"line":32,"column":21},"end":{"line":36,"column":null}},"8":{"start":{"line":33,"column":2},"end":{"line":35,"column":null}},"9":{"start":{"line":34,"column":4},"end":{"line":34,"column":null}},"10":{"start":{"line":2,"column":7},"end":{"line":2,"column":null}},"11":{"start":{"line":2,"column":2},"end":{"line":8,"column":null}},"12":{"start":{"line":4,"column":21},"end":{"line":4,"column":null}}},"fnMap":{"0":{"name":"(anonymous_0)","decl":{"start":{"line":22,"column":38},"end":{"line":22,"column":39}},"loc":{"start":{"line":22,"column":55},"end":{"line":26,"column":3}},"line":22},"1":{"name":"(anonymous_1)","decl":{"start":{"line":28,"column":15},"end":{"line":28,"column":16}},"loc":{"start":{"line":28,"column":24},"end":{"line":30,"column":1}},"line":28},"2":{"name":"(anonymous_2)","decl":{"start":{"line":32,"column":21},"end":{"line":32,"column":27}},"loc":{"start":{"line":32,"column":27},"end":{"line":36,"column":null}},"line":32},"3":{"name":"(anonymous_3)","decl":{"start":{"line":4,"column":21},"end":{"line":4,"column":28}},"loc":{"start":{"line":4,"column":21},"end":{"line":4,"column":null}},"line":4}},"branchMap":{"0":{"loc":{"start":{"line":23,"column":2},"end":{"line":25,"column":null}},"type":"if","locations":[{"start":{"line":23,"column":2},"end":{"line":25,"column":null}},{"start":{},"end":{}}],"line":23},"1":{"loc":{"start":{"line":33,"column":2},"end":{"line":35,"column":null}},"type":"if","locations":[{"start":{"line":33,"column":2},"end":{"line":35,"column":null}},{"start":{},"end":{}}],"line":33},"2":{"loc":{"start":{"line":4,"column":21},"end":{"line":4,"column":null}},"type":"binary-expr","locations":[{"start":{"line":4,"column":21},"end":{"line":4,"column":28}},{"start":{"line":4,"column":21},"end":{"line":4,"column":null}}],"line":4}},"s":{"0":3,"1":3,"2":3,"3":1,"4":1,"5":3,"6":4,"7":3,"8":2,"9":2,"10":1,"11":7,"12":4},"f":{"0":1,"1":4,"2":2,"3":4},"b":{"0":[1,0],"1":[2,0],"2":[7,3]},"meta":{"lastBranch":0,"lastFunction":0,"lastStatement":0,"seen":{}}}
,"/Users/yangtengjiao/Documents/j2ee/JeecgBoot_sass/.worktrees/feature/user-08-feedback-support-frontend/jeecgboot-vue3/src/views/support/report/components/ReportModal.vue": {"path":"/Users/yangtengjiao/Documents/j2ee/JeecgBoot_sass/.worktrees/feature/user-08-feedback-support-frontend/jeecgboot-vue3/src/views/support/report/components/ReportModal.vue","statementMap":{"0":{"start":{"line":85,"column":14},"end":{"line":85,"column":null}},"1":{"start":{"line":92,"column":13},"end":{"line":92,"column":null}},"2":{"start":{"line":97,"column":20},"end":{"line":103,"column":null}},"3":{"start":{"line":105,"column":6},"end":{"line":111,"column":null}},"4":{"start":{"line":113,"column":6},"end":{"line":113,"column":null}},"5":{"start":{"line":114,"column":6},"end":{"line":114,"column":null}},"6":{"start":{"line":115,"column":6},"end":{"line":115,"column":null}},"7":{"start":{"line":117,"column":0},"end":{"line":129,"column":null}},"8":{"start":{"line":118,"column":8},"end":{"line":118,"column":null}},"9":{"start":{"line":120,"column":4},"end":{"line":127,"column":null}},"10":{"start":{"line":121,"column":6},"end":{"line":121,"column":null}},"11":{"start":{"line":122,"column":6},"end":{"line":122,"column":null}},"12":{"start":{"line":123,"column":6},"end":{"line":123,"column":null}},"13":{"start":{"line":124,"column":6},"end":{"line":124,"column":null}},"14":{"start":{"line":125,"column":6},"end":{"line":125,"column":null}},"15":{"start":{"line":126,"column":6},"end":{"line":126,"column":null}},"16":{"start":{"line":131,"column":25},"end":{"line":133,"column":null}},"17":{"start":{"line":135,"column":21},"end":{"line":146,"column":null}},"18":{"start":{"line":136,"column":18},"end":{"line":136,"column":null}},"19":{"start":{"line":137,"column":2},"end":{"line":140,"column":null}},"20":{"start":{"line":138,"column":4},"end":{"line":138,"column":null}},"21":{"start":{"line":139,"column":4},"end":{"line":139,"column":null}},"22":{"start":{"line":141,"column":2},"end":{"line":144,"column":null}},"23":{"start":{"line":142,"column":4},"end":{"line":142,"column":null}},"24":{"start":{"line":143,"column":4},"end":{"line":143,"column":null}},"25":{"start":{"line":145,"column":2},"end":{"line":145,"column":null}},"26":{"start":{"line":148,"column":21},"end":{"line":159,"column":null}},"27":{"start":{"line":149,"column":2},"end":{"line":149,"column":null}},"28":{"start":{"line":150,"column":2},"end":{"line":158,"column":null}},"29":{"start":{"line":151,"column":16},"end":{"line":151,"column":null}},"30":{"start":{"line":152,"column":4},"end":{"line":152,"column":null}},"31":{"start":{"line":153,"column":4},"end":{"line":153,"column":null}},"32":{"start":{"line":155,"column":4},"end":{"line":155,"column":null}},"33":{"start":{"line":157,"column":4},"end":{"line":157,"column":null}},"34":{"start":{"line":161,"column":21},"end":{"line":181,"column":null}},"35":{"start":{"line":162,"column":2},"end":{"line":165,"column":null}},"36":{"start":{"line":163,"column":4},"end":{"line":163,"column":null}},"37":{"start":{"line":164,"column":4},"end":{"line":164,"column":null}},"38":{"start":{"line":166,"column":2},"end":{"line":166,"column":null}},"39":{"start":{"line":167,"column":2},"end":{"line":180,"column":null}},"40":{"start":{"line":168,"column":16},"end":{"line":168,"column":null}},"41":{"start":{"line":169,"column":4},"end":{"line":169,"column":null}},"42":{"start":{"line":170,"column":4},"end":{"line":170,"column":null}},"43":{"start":{"line":171,"column":4},"end":{"line":171,"column":null}},"44":{"start":{"line":173,"column":4},"end":{"line":177,"column":null}},"45":{"start":{"line":174,"column":6},"end":{"line":174,"column":null}},"46":{"start":{"line":176,"column":6},"end":{"line":176,"column":null}},"47":{"start":{"line":179,"column":4},"end":{"line":179,"column":null}},"48":{"start":{"line":183,"column":20},"end":{"line":185,"column":null}},"49":{"start":{"line":184,"column":2},"end":{"line":184,"column":null}},"50":{"start":{"line":11,"column":9},"end":{"line":11,"column":null}},"51":{"start":{"line":13,"column":11},"end":{"line":13,"column":null}},"52":{"start":{"line":15,"column":14},"end":{"line":15,"column":31}},"53":{"start":{"line":25,"column":21},"end":{"line":25,"column":42}},"54":{"start":{"line":2,"column":2},"end":{"line":54,"column":23}},"55":{"start":{"line":64,"column":50},"end":{"line":73,"column":17}},"56":{"start":{"line":64,"column":39},"end":{"line":64,"column":50}},"57":{"start":{"line":73,"column":6},"end":{"line":73,"column":17}},"58":{"start":{"line":61,"column":10},"end":{"line":54,"column":23}},"59":{"start":{"line":29,"column":22},"end":{"line":54,"column":23}},"60":{"start":{"line":28,"column":26},"end":{"line":25,"column":67}},"61":{"start":{"line":21,"column":40},"end":{"line":21,"column":62}},"62":{"start":{"line":22,"column":48},"end":{"line":25,"column":67}},"63":{"start":{"line":22,"column":12},"end":{"line":25,"column":67}},"64":{"start":{"line":26,"column":20},"end":{"line":25,"column":67}},"65":{"start":{"line":39,"column":12},"end":{"line":38,"column":null}},"66":{"start":{"line":34,"column":27},"end":{"line":34,"column":null}},"67":{"start":{"line":58,"column":21},"end":{"line":54,"column":23}},"68":{"start":{"line":45,"column":31},"end":{"line":45,"column":null}},"69":{"start":{"line":56,"column":71},"end":{"line":56,"column":71}},"70":{"start":{"line":54,"column":23},"end":{"line":54,"column":23}},"71":{"start":{"line":52,"column":33},"end":{"line":54,"column":23}}},"fnMap":{"0":{"name":"(anonymous_0)","decl":{"start":{"line":118,"column":2},"end":{"line":118,"column":8}},"loc":{"start":{"line":118,"column":8},"end":{"line":118,"column":null}},"line":118},"1":{"name":"(anonymous_1)","decl":{"start":{"line":119,"column":2},"end":{"line":119,"column":3}},"loc":{"start":{"line":119,"column":11},"end":{"line":128,"column":null}},"line":119},"2":{"name":"(anonymous_2)","decl":{"start":{"line":131,"column":25},"end":{"line":131,"column":31}},"loc":{"start":{"line":131,"column":31},"end":{"line":133,"column":null}},"line":131},"3":{"name":"(anonymous_3)","decl":{"start":{"line":135,"column":21},"end":{"line":135,"column":22}},"loc":{"start":{"line":135,"column":37},"end":{"line":146,"column":null}},"line":135},"4":{"name":"(anonymous_4)","decl":{"start":{"line":148,"column":21},"end":{"line":148,"column":28}},"loc":{"start":{"line":148,"column":45},"end":{"line":159,"column":null}},"line":148},"5":{"name":"(anonymous_5)","decl":{"start":{"line":161,"column":21},"end":{"line":161,"column":33}},"loc":{"start":{"line":161,"column":33},"end":{"line":181,"column":null}},"line":161},"6":{"name":"(anonymous_6)","decl":{"start":{"line":183,"column":20},"end":{"line":183,"column":26}},"loc":{"start":{"line":183,"column":26},"end":{"line":185,"column":null}},"line":183},"7":{"name":"(anonymous_7)","decl":{"start":{"line":64,"column":6},"end":{"line":64,"column":17}},"loc":{"start":{"line":64,"column":50},"end":{"line":73,"column":17}},"line":64},"8":{"name":"(anonymous_8)","decl":{"start":{"line":64,"column":37},"end":{"line":64,"column":39}},"loc":{"start":{"line":64,"column":39},"end":{"line":64,"column":50}},"line":64},"9":{"name":"(anonymous_9)","decl":{"start":{"line":71,"column":7},"end":{"line":71,"column":null}},"loc":{"start":{"line":73,"column":6},"end":{"line":73,"column":17}},"line":73},"10":{"name":"(anonymous_10)","decl":{"start":{"line":11,"column":4},"end":{"line":11,"column":9}},"loc":{"start":{"line":61,"column":10},"end":{"line":54,"column":23}},"line":61},"11":{"name":"(anonymous_11)","decl":{"start":{"line":20,"column":8},"end":{"line":20,"column":21}},"loc":{"start":{"line":29,"column":22},"end":{"line":54,"column":23}},"line":29},"12":{"name":"(anonymous_12)","decl":{"start":{"line":21,"column":10},"end":{"line":21,"column":33}},"loc":{"start":{"line":28,"column":26},"end":{"line":25,"column":67}},"line":28},"13":{"name":"(anonymous_13)","decl":{"start":{"line":21,"column":49},"end":{"line":21,"column":59}},"loc":{"start":{"line":21,"column":40},"end":{"line":21,"column":62}},"line":21},"14":{"name":"(anonymous_14)","decl":{"start":{"line":22,"column":21},"end":{"line":22,"column":28}},"loc":{"start":{"line":22,"column":48},"end":{"line":25,"column":67}},"line":22},"15":{"name":"(anonymous_15)","decl":{"start":{"line":22,"column":47},"end":{"line":22,"column":48}},"loc":{"start":{"line":22,"column":32},"end":{"line":25,"column":67}},"line":22},"16":{"name":"(anonymous_16)","decl":{"start":{"line":23,"column":14},"end":{"line":23,"column":null}},"loc":{"start":{"line":26,"column":20},"end":{"line":25,"column":67}},"line":26},"17":{"name":"(anonymous_17)","decl":{"start":{"line":33,"column":10},"end":{"line":33,"column":null}},"loc":{"start":{"line":39,"column":12},"end":{"line":38,"column":null}},"line":39},"18":{"name":"(anonymous_18)","decl":{"start":{"line":34,"column":36},"end":{"line":34,"column":47}},"loc":{"start":{"line":34,"column":27},"end":{"line":34,"column":null}},"line":34},"19":{"name":"(anonymous_19)","decl":{"start":{"line":44,"column":10},"end":{"line":44,"column":null}},"loc":{"start":{"line":58,"column":21},"end":{"line":54,"column":23}},"line":58},"20":{"name":"(anonymous_20)","decl":{"start":{"line":45,"column":31},"end":{"line":45,"column":39}},"loc":{"start":{"line":45,"column":31},"end":{"line":45,"column":null}},"line":45},"21":{"name":"(anonymous_21)","decl":{"start":{"line":56,"column":14},"end":{"line":56,"column":19}},"loc":{"start":{"line":56,"column":71},"end":{"line":56,"column":71}},"line":56},"22":{"name":"(anonymous_22)","decl":{"start":{"line":51,"column":12},"end":{"line":51,"column":null}},"loc":{"start":{"line":54,"column":23},"end":{"line":54,"column":23}},"line":54},"23":{"name":"(anonymous_23)","decl":{"start":{"line":52,"column":14},"end":{"line":52,"column":33}},"loc":{"start":{"line":52,"column":33},"end":{"line":54,"column":23}},"line":52}},"branchMap":{"0":{"loc":{"start":{"line":120,"column":4},"end":{"line":127,"column":null}},"type":"if","locations":[{"start":{"line":120,"column":4},"end":{"line":127,"column":null}},{"start":{},"end":{}}],"line":120},"1":{"loc":{"start":{"line":137,"column":2},"end":{"line":140,"column":null}},"type":"if","locations":[{"start":{"line":137,"column":2},"end":{"line":140,"column":null}},{"start":{},"end":{}}],"line":137},"2":{"loc":{"start":{"line":141,"column":2},"end":{"line":144,"column":null}},"type":"if","locations":[{"start":{"line":141,"column":2},"end":{"line":144,"column":null}},{"start":{},"end":{}}],"line":141},"3":{"loc":{"start":{"line":162,"column":2},"end":{"line":165,"column":null}},"type":"if","locations":[{"start":{"line":162,"column":2},"end":{"line":165,"column":null}},{"start":{},"end":{}}],"line":162},"4":{"loc":{"start":{"line":173,"column":4},"end":{"line":177,"column":null}},"type":"if","locations":[{"start":{"line":173,"column":4},"end":{"line":177,"column":null}},{"start":{"line":175,"column":11},"end":{"line":177,"column":null}}],"line":173},"5":{"loc":{"start":{"line":64,"column":39},"end":{"line":64,"column":50}},"type":"binary-expr","locations":[{"start":{"line":64,"column":39},"end":{"line":64,"column":50}},{"start":{"line":64,"column":39},"end":{"line":64,"column":50}}],"line":64},"6":{"loc":{"start":{"line":73,"column":6},"end":{"line":73,"column":17}},"type":"binary-expr","locations":[{"start":{"line":73,"column":6},"end":{"line":73,"column":17}},{"start":{"line":73,"column":6},"end":{"line":73,"column":17}}],"line":73},"7":{"loc":{"start":{"line":16,"column":12},"end":{"line":14,"column":40}},"type":"binary-expr","locations":[{"start":{"line":16,"column":12},"end":{"line":16,"column":null}},{"start":{"line":16,"column":12},"end":{"line":14,"column":40}}],"line":16},"8":{"loc":{"start":{"line":21,"column":49},"end":{"line":21,"column":62}},"type":"binary-expr","locations":[{"start":{"line":21,"column":49},"end":{"line":21,"column":59}},{"start":{"line":21,"column":49},"end":{"line":21,"column":62}}],"line":21},"9":{"loc":{"start":{"line":34,"column":36},"end":{"line":34,"column":null}},"type":"binary-expr","locations":[{"start":{"line":34,"column":36},"end":{"line":34,"column":47}},{"start":{"line":34,"column":36},"end":{"line":34,"column":null}}],"line":34},"10":{"loc":{"start":{"line":45,"column":31},"end":{"line":45,"column":null}},"type":"binary-expr","locations":[{"start":{"line":45,"column":31},"end":{"line":45,"column":39}},{"start":{"line":45,"column":31},"end":{"line":45,"column":null}}],"line":45},"11":{"loc":{"start":{"line":56,"column":71},"end":{"line":56,"column":71}},"type":"binary-expr","locations":[{"start":{"line":56,"column":71},"end":{"line":56,"column":null}},{"start":{"line":56,"column":71},"end":{"line":56,"column":71}}],"line":56},"12":{"loc":{"start":{"line":52,"column":33},"end":{"line":54,"column":23}},"type":"binary-expr","locations":[{"start":{"line":52,"column":33},"end":{"line":52,"column":null}},{"start":{"line":52,"column":33},"end":{"line":54,"column":23}}],"line":52}},"s":{"0":17,"1":17,"2":17,"3":17,"4":17,"5":17,"6":17,"7":17,"8":18,"9":1,"10":1,"11":1,"12":1,"13":1,"14":1,"15":1,"16":17,"17":17,"18":3,"19":3,"20":1,"21":1,"22":2,"23":1,"24":1,"25":1,"26":17,"27":2,"28":2,"29":2,"30":1,"31":1,"32":1,"33":2,"34":17,"35":5,"36":1,"37":1,"38":4,"39":4,"40":4,"41":2,"42":2,"43":2,"44":2,"45":1,"46":1,"47":4,"48":17,"49":3,"50":1,"51":1,"52":1,"53":1,"54":26,"55":31,"56":17,"57":30,"58":31,"59":17,"60":23,"61":0,"62":23,"63":115,"64":115,"65":21,"66":0,"67":19,"68":0,"69":19,"70":19,"71":17},"f":{"0":18,"1":1,"2":1,"3":3,"4":2,"5":5,"6":3,"7":31,"8":17,"9":30,"10":31,"11":17,"12":23,"13":0,"14":23,"15":115,"16":115,"17":21,"18":0,"19":19,"20":0,"21":19,"22":19,"23":17},"b":{"0":[1,0],"1":[1,2],"2":[1,1],"3":[1,4],"4":[1,1],"5":[17,17],"6":[30,17],"7":[31,17],"8":[23,17],"9":[21,17],"10":[19,17],"11":[19,17],"12":[17,17]},"meta":{"lastBranch":0,"lastFunction":0,"lastStatement":0,"seen":{}}}
}
